0 info it worked if it ends with ok
1 verbose cli [ '/Users/montygoldy/.nvm/versions/node/v6.12.2/bin/node',
1 verbose cli   '/Users/montygoldy/.nvm/versions/node/v6.12.2/bin/npm',
1 verbose cli   'install',
1 verbose cli   '--save',
1 verbose cli   'postgres' ]
2 info using npm@3.10.10
3 info using node@v6.12.2
4 silly loadCurrentTree Starting
5 silly install loadCurrentTree
6 silly install readLocalPackageData
7 silly fetchPackageMetaData postgres
8 silly fetchNamedPackageData postgres
9 silly mapToRegistry name postgres
10 silly mapToRegistry using default registry
11 silly mapToRegistry registry https://registry.npmjs.org/
12 silly mapToRegistry data Result {
12 silly mapToRegistry   raw: 'postgres',
12 silly mapToRegistry   scope: null,
12 silly mapToRegistry   escapedName: 'postgres',
12 silly mapToRegistry   name: 'postgres',
12 silly mapToRegistry   rawSpec: '',
12 silly mapToRegistry   spec: 'latest',
12 silly mapToRegistry   type: 'tag' }
13 silly mapToRegistry uri https://registry.npmjs.org/postgres
14 verbose request uri https://registry.npmjs.org/postgres
15 verbose request no auth needed
16 info attempt registry request try #1 at 4:18:44 AM
17 verbose request id 5a6c9ca0f67a0b51
18 verbose etag "4ac2421d-304"
19 verbose lastModified Tue, 29 Sep 2009 17:21:33 GMT
20 http request GET https://registry.npmjs.org/postgres
21 http 304 https://registry.npmjs.org/postgres
22 verbose headers { date: 'Thu, 22 Feb 2018 09:18:44 GMT',
22 verbose headers   via: '1.1 varnish',
22 verbose headers   'cache-control': 'max-age=300',
22 verbose headers   etag: '"4ac2421d-304"',
22 verbose headers   age: '79',
22 verbose headers   connection: 'keep-alive',
22 verbose headers   'x-served-by': 'cache-mdw17339-MDW',
22 verbose headers   'x-cache': 'HIT',
22 verbose headers   'x-cache-hits': '1',
22 verbose headers   'x-timer': 'S1519291125.613996,VS0,VE0',
22 verbose headers   vary: 'Accept-Encoding, Accept' }
23 silly get cb [ 304,
23 silly get   { date: 'Thu, 22 Feb 2018 09:18:44 GMT',
23 silly get     via: '1.1 varnish',
23 silly get     'cache-control': 'max-age=300',
23 silly get     etag: '"4ac2421d-304"',
23 silly get     age: '79',
23 silly get     connection: 'keep-alive',
23 silly get     'x-served-by': 'cache-mdw17339-MDW',
23 silly get     'x-cache': 'HIT',
23 silly get     'x-cache-hits': '1',
23 silly get     'x-timer': 'S1519291125.613996,VS0,VE0',
23 silly get     vary: 'Accept-Encoding, Accept' } ]
24 verbose etag https://registry.npmjs.org/postgres from cache
25 verbose get saving postgres to /Users/montygoldy/.npm/registry.npmjs.org/postgres/.cache.json
26 verbose correctMkdir /Users/montygoldy/.npm correctMkdir not in flight; initializing
27 silly install normalizeTree
28 silly loadCurrentTree Finishing
29 silly loadIdealTree Starting
30 silly install loadIdealTree
31 silly cloneCurrentTree Starting
32 silly install cloneCurrentTreeToIdealTree
33 silly cloneCurrentTree Finishing
34 silly loadShrinkwrap Starting
35 silly install loadShrinkwrap
36 silly loadShrinkwrap Finishing
37 silly loadAllDepsIntoIdealTree Starting
38 silly install loadAllDepsIntoIdealTree
39 silly resolveWithNewModule postgres@0.0.1 checking installable status
40 silly cache add args [ 'postgres', null ]
41 verbose cache add spec postgres
42 silly cache add parsed spec Result {
42 silly cache add   raw: 'postgres',
42 silly cache add   scope: null,
42 silly cache add   escapedName: 'postgres',
42 silly cache add   name: 'postgres',
42 silly cache add   rawSpec: '',
42 silly cache add   spec: 'latest',
42 silly cache add   type: 'tag' }
43 silly addNamed postgres@latest
44 verbose addNamed "latest" is being treated as a dist-tag for postgres
45 info addNameTag [ 'postgres', 'latest' ]
46 silly mapToRegistry name postgres
47 silly mapToRegistry using default registry
48 silly mapToRegistry registry https://registry.npmjs.org/
49 silly mapToRegistry data Result {
49 silly mapToRegistry   raw: 'postgres',
49 silly mapToRegistry   scope: null,
49 silly mapToRegistry   escapedName: 'postgres',
49 silly mapToRegistry   name: 'postgres',
49 silly mapToRegistry   rawSpec: '',
49 silly mapToRegistry   spec: 'latest',
49 silly mapToRegistry   type: 'tag' }
50 silly mapToRegistry uri https://registry.npmjs.org/postgres
51 verbose addNameTag registry:https://registry.npmjs.org/postgres not in flight; fetching
52 verbose get https://registry.npmjs.org/postgres not expired, no request
53 silly addNameTag next cb for postgres with tag latest
54 silly addNamed postgres@0.0.1
55 verbose addNamed "0.0.1" is a plain semver version for postgres
56 silly cache afterAdd postgres@0.0.1
57 verbose afterAdd /Users/montygoldy/.npm/postgres/0.0.1/package/package.json not in flight; writing
58 verbose correctMkdir /Users/montygoldy/.npm correctMkdir not in flight; initializing
59 verbose afterAdd /Users/montygoldy/.npm/postgres/0.0.1/package/package.json written
60 silly loadAllDepsIntoIdealTree Finishing
61 silly loadIdealTree Finishing
62 silly currentTree slack-clone@1.0.0
62 silly currentTree ├── @types/geojson@1.0.6
62 silly currentTree ├── @types/node@9.4.6
62 silly currentTree ├── @types/zen-observable@0.5.3
62 silly currentTree ├── abbrev@1.1.1
62 silly currentTree ├── accepts@1.3.4
62 silly currentTree ├─┬ acorn-jsx@3.0.1
62 silly currentTree │ └── acorn@3.3.0
62 silly currentTree ├── acorn@5.4.1
62 silly currentTree ├── ajv-keywords@2.1.1
62 silly currentTree ├── ajv@5.5.2
62 silly currentTree ├── ansi-align@2.0.0
62 silly currentTree ├── ansi-escapes@3.0.0
62 silly currentTree ├── ansi-regex@2.1.1
62 silly currentTree ├── ansi-styles@3.2.0
62 silly currentTree ├── anymatch@1.3.2
62 silly currentTree ├── apollo-cache-control@0.0.9
62 silly currentTree ├── apollo-link@1.2.0
62 silly currentTree ├── apollo-server-core@1.3.2
62 silly currentTree ├── apollo-server-express@1.3.2
62 silly currentTree ├── apollo-server-module-graphiql@1.3.2
62 silly currentTree ├── apollo-tracing@0.1.3
62 silly currentTree ├── apollo-utilities@1.0.8
62 silly currentTree ├── aproba@1.2.0
62 silly currentTree ├── are-we-there-yet@1.1.4
62 silly currentTree ├── argparse@1.0.10
62 silly currentTree ├── aria-query@0.7.1
62 silly currentTree ├── arr-diff@4.0.0
62 silly currentTree ├── arr-flatten@1.1.0
62 silly currentTree ├── arr-union@3.1.0
62 silly currentTree ├── array-flatten@1.1.1
62 silly currentTree ├── array-includes@3.0.3
62 silly currentTree ├── array-union@1.0.2
62 silly currentTree ├── array-uniq@1.0.3
62 silly currentTree ├── array-unique@0.3.2
62 silly currentTree ├── arrify@1.0.1
62 silly currentTree ├── asap@2.0.6
62 silly currentTree ├── asn1@0.2.3
62 silly currentTree ├── assert-plus@1.0.0
62 silly currentTree ├── assign-symbols@1.0.0
62 silly currentTree ├── ast-types-flow@0.0.7
62 silly currentTree ├── async-each@1.0.1
62 silly currentTree ├── asynckit@0.4.0
62 silly currentTree ├── atob@2.0.3
62 silly currentTree ├── aws-sign2@0.6.0
62 silly currentTree ├── aws4@1.6.0
62 silly currentTree ├── axobject-query@0.1.0
62 silly currentTree ├── babel-cli@6.26.0
62 silly currentTree ├─┬ babel-code-frame@6.26.0
62 silly currentTree │ ├── ansi-styles@2.2.1
62 silly currentTree │ ├── chalk@1.1.3
62 silly currentTree │ └── supports-color@2.0.0
62 silly currentTree ├── babel-core@6.26.0
62 silly currentTree ├── babel-generator@6.26.1
62 silly currentTree ├── babel-helper-builder-binary-assignment-operator-visitor@6.24.1
62 silly currentTree ├── babel-helper-call-delegate@6.24.1
62 silly currentTree ├── babel-helper-define-map@6.26.0
62 silly currentTree ├── babel-helper-explode-assignable-expression@6.24.1
62 silly currentTree ├── babel-helper-function-name@6.24.1
62 silly currentTree ├── babel-helper-get-function-arity@6.24.1
62 silly currentTree ├── babel-helper-hoist-variables@6.24.1
62 silly currentTree ├── babel-helper-optimise-call-expression@6.24.1
62 silly currentTree ├── babel-helper-regex@6.26.0
62 silly currentTree ├── babel-helper-remap-async-to-generator@6.24.1
62 silly currentTree ├── babel-helper-replace-supers@6.24.1
62 silly currentTree ├── babel-helpers@6.24.1
62 silly currentTree ├── babel-messages@6.23.0
62 silly currentTree ├── babel-plugin-check-es2015-constants@6.22.0
62 silly currentTree ├── babel-plugin-syntax-async-functions@6.13.0
62 silly currentTree ├── babel-plugin-syntax-async-generators@6.13.0
62 silly currentTree ├── babel-plugin-syntax-exponentiation-operator@6.13.0
62 silly currentTree ├── babel-plugin-syntax-object-rest-spread@6.13.0
62 silly currentTree ├── babel-plugin-syntax-trailing-function-commas@6.22.0
62 silly currentTree ├── babel-plugin-transform-async-generator-functions@6.24.1
62 silly currentTree ├── babel-plugin-transform-async-to-generator@6.24.1
62 silly currentTree ├── babel-plugin-transform-es2015-arrow-functions@6.22.0
62 silly currentTree ├── babel-plugin-transform-es2015-block-scoped-functions@6.22.0
62 silly currentTree ├── babel-plugin-transform-es2015-block-scoping@6.26.0
62 silly currentTree ├── babel-plugin-transform-es2015-classes@6.24.1
62 silly currentTree ├── babel-plugin-transform-es2015-computed-properties@6.24.1
62 silly currentTree ├── babel-plugin-transform-es2015-destructuring@6.23.0
62 silly currentTree ├── babel-plugin-transform-es2015-duplicate-keys@6.24.1
62 silly currentTree ├── babel-plugin-transform-es2015-for-of@6.23.0
62 silly currentTree ├── babel-plugin-transform-es2015-function-name@6.24.1
62 silly currentTree ├── babel-plugin-transform-es2015-literals@6.22.0
62 silly currentTree ├── babel-plugin-transform-es2015-modules-amd@6.24.1
62 silly currentTree ├── babel-plugin-transform-es2015-modules-commonjs@6.26.0
62 silly currentTree ├── babel-plugin-transform-es2015-modules-systemjs@6.24.1
62 silly currentTree ├── babel-plugin-transform-es2015-modules-umd@6.24.1
62 silly currentTree ├── babel-plugin-transform-es2015-object-super@6.24.1
62 silly currentTree ├── babel-plugin-transform-es2015-parameters@6.24.1
62 silly currentTree ├── babel-plugin-transform-es2015-shorthand-properties@6.24.1
62 silly currentTree ├── babel-plugin-transform-es2015-spread@6.22.0
62 silly currentTree ├── babel-plugin-transform-es2015-sticky-regex@6.24.1
62 silly currentTree ├── babel-plugin-transform-es2015-template-literals@6.22.0
62 silly currentTree ├── babel-plugin-transform-es2015-typeof-symbol@6.23.0
62 silly currentTree ├── babel-plugin-transform-es2015-unicode-regex@6.24.1
62 silly currentTree ├── babel-plugin-transform-exponentiation-operator@6.24.1
62 silly currentTree ├── babel-plugin-transform-object-rest-spread@6.26.0
62 silly currentTree ├── babel-plugin-transform-regenerator@6.26.0
62 silly currentTree ├── babel-plugin-transform-strict-mode@6.24.1
62 silly currentTree ├── babel-polyfill@6.26.0
62 silly currentTree ├── babel-preset-env@1.6.1
62 silly currentTree ├── babel-preset-stage-3@6.24.1
62 silly currentTree ├── babel-register@6.26.0
62 silly currentTree ├─┬ babel-runtime@6.26.0
62 silly currentTree │ └── regenerator-runtime@0.11.1
62 silly currentTree ├── babel-template@6.26.0
62 silly currentTree ├─┬ babel-traverse@6.26.0
62 silly currentTree │ └── globals@9.18.0
62 silly currentTree ├── babel-types@6.26.0
62 silly currentTree ├── babylon@6.18.0
62 silly currentTree ├── balanced-match@1.0.0
62 silly currentTree ├─┬ base@0.11.2
62 silly currentTree │ └── define-property@1.0.0
62 silly currentTree ├── bcrypt-pbkdf@1.0.1
62 silly currentTree ├── binary-extensions@1.11.0
62 silly currentTree ├── block-stream@0.0.9
62 silly currentTree ├── bluebird@3.5.1
62 silly currentTree ├── body-parser@1.18.2
62 silly currentTree ├── boom@2.10.1
62 silly currentTree ├── boxen@1.3.0
62 silly currentTree ├── brace-expansion@1.1.11
62 silly currentTree ├─┬ braces@2.3.1
62 silly currentTree │ ├── define-property@1.0.0
62 silly currentTree │ └── kind-of@6.0.2
62 silly currentTree ├── browserslist@2.11.3
62 silly currentTree ├── buffer-writer@1.0.1
62 silly currentTree ├── builtin-modules@1.1.1
62 silly currentTree ├── bytes@3.0.0
62 silly currentTree ├── cache-base@1.0.1
62 silly currentTree ├── caller-path@0.1.0
62 silly currentTree ├── callsites@0.2.0
62 silly currentTree ├── camelcase@4.1.0
62 silly currentTree ├── caniuse-lite@1.0.30000810
62 silly currentTree ├── capture-stack-trace@1.0.0
62 silly currentTree ├── caseless@0.12.0
62 silly currentTree ├── chalk@2.3.1
62 silly currentTree ├── chardet@0.4.2
62 silly currentTree ├── chokidar@1.7.0
62 silly currentTree ├── circular-json@0.3.3
62 silly currentTree ├── class-utils@0.3.6
62 silly currentTree ├── cli-boxes@1.0.0
62 silly currentTree ├── cli-cursor@2.1.0
62 silly currentTree ├── cli-width@2.2.0
62 silly currentTree ├── cls-bluebird@2.1.0
62 silly currentTree ├── co@4.6.0
62 silly currentTree ├── code-point-at@1.1.0
62 silly currentTree ├── collection-visit@1.0.0
62 silly currentTree ├── color-convert@1.9.1
62 silly currentTree ├── color-name@1.1.3
62 silly currentTree ├── combined-stream@1.0.6
62 silly currentTree ├── commander@2.14.1
62 silly currentTree ├── component-emitter@1.2.1
62 silly currentTree ├── concat-map@0.0.1
62 silly currentTree ├── concat-stream@1.6.0
62 silly currentTree ├── configstore@3.1.1
62 silly currentTree ├── console-control-strings@1.1.0
62 silly currentTree ├── contains-path@0.1.0
62 silly currentTree ├── content-disposition@0.5.2
62 silly currentTree ├── content-type@1.0.4
62 silly currentTree ├── convert-source-map@1.5.1
62 silly currentTree ├── cookie-signature@1.0.6
62 silly currentTree ├── cookie@0.3.1
62 silly currentTree ├── copy-descriptor@0.1.1
62 silly currentTree ├── core-js@2.5.3
62 silly currentTree ├── core-util-is@1.0.2
62 silly currentTree ├── create-error-class@3.0.2
62 silly currentTree ├── cross-spawn@5.1.0
62 silly currentTree ├── cryptiles@2.0.5
62 silly currentTree ├── crypto-random-string@1.0.0
62 silly currentTree ├── damerau-levenshtein@1.0.4
62 silly currentTree ├── dashdash@1.14.1
62 silly currentTree ├── debug@2.6.9
62 silly currentTree ├── decode-uri-component@0.2.0
62 silly currentTree ├── deep-extend@0.4.2
62 silly currentTree ├── deep-is@0.1.3
62 silly currentTree ├── define-properties@1.1.2
62 silly currentTree ├─┬ define-property@0.2.5
62 silly currentTree │ ├─┬ is-accessor-descriptor@0.1.6
62 silly currentTree │ │ └── kind-of@3.2.2
62 silly currentTree │ ├─┬ is-data-descriptor@0.1.4
62 silly currentTree │ │ └── kind-of@3.2.2
62 silly currentTree │ ├── is-descriptor@0.1.6
62 silly currentTree │ └── kind-of@5.1.0
62 silly currentTree ├── del@2.2.2
62 silly currentTree ├── delayed-stream@1.0.0
62 silly currentTree ├── delegates@1.0.0
62 silly currentTree ├── depd@1.1.2
62 silly currentTree ├── deprecated-decorator@0.1.6
62 silly currentTree ├── destroy@1.0.4
62 silly currentTree ├── detect-indent@4.0.0
62 silly currentTree ├── detect-libc@1.0.3
62 silly currentTree ├── doctrine@2.1.0
62 silly currentTree ├── dot-prop@4.2.0
62 silly currentTree ├── dottie@2.0.0
62 silly currentTree ├── duplexer@0.1.1
62 silly currentTree ├── duplexer3@0.1.4
62 silly currentTree ├── ecc-jsbn@0.1.1
62 silly currentTree ├── ee-first@1.1.1
62 silly currentTree ├── electron-to-chromium@1.3.33
62 silly currentTree ├── emoji-regex@6.5.1
62 silly currentTree ├── encodeurl@1.0.2
62 silly currentTree ├── encoding@0.1.12
62 silly currentTree ├── error-ex@1.3.1
62 silly currentTree ├── es-abstract@1.10.0
62 silly currentTree ├── es-to-primitive@1.1.1
62 silly currentTree ├── escape-html@1.0.3
62 silly currentTree ├── escape-string-regexp@1.0.5
62 silly currentTree ├── eslint-config-airbnb-base@12.1.0
62 silly currentTree ├── eslint-config-airbnb@16.1.0
62 silly currentTree ├── eslint-import-resolver-node@0.3.2
62 silly currentTree ├── eslint-module-utils@2.1.1
62 silly currentTree ├─┬ eslint-plugin-import@2.9.0
62 silly currentTree │ └── doctrine@1.5.0
62 silly currentTree ├── eslint-plugin-jsx-a11y@6.0.3
62 silly currentTree ├── eslint-plugin-react@7.7.0
62 silly currentTree ├── eslint-restricted-globals@0.1.1
62 silly currentTree ├── eslint-scope@3.7.1
62 silly currentTree ├── eslint-visitor-keys@1.0.0
62 silly currentTree ├─┬ eslint@4.18.1
62 silly currentTree │ ├── ansi-regex@3.0.0
62 silly currentTree │ ├── debug@3.1.0
62 silly currentTree │ └── strip-ansi@4.0.0
62 silly currentTree ├── espree@3.5.3
62 silly currentTree ├── esprima@4.0.0
62 silly currentTree ├── esquery@1.0.0
62 silly currentTree ├── esrecurse@4.2.0
62 silly currentTree ├── estraverse@4.2.0
62 silly currentTree ├── esutils@2.0.2
62 silly currentTree ├── etag@1.8.1
62 silly currentTree ├─┬ event-stream@3.3.4
62 silly currentTree │ └── split@0.3.3
62 silly currentTree ├── execa@0.7.0
62 silly currentTree ├── expand-brackets@0.1.5
62 silly currentTree ├─┬ expand-range@1.8.2
62 silly currentTree │ ├── fill-range@2.2.3
62 silly currentTree │ ├── is-number@2.1.0
62 silly currentTree │ └── isobject@2.1.0
62 silly currentTree ├── express@4.16.2
62 silly currentTree ├── extend-shallow@2.0.1
62 silly currentTree ├── extend@3.0.1
62 silly currentTree ├── external-editor@2.1.0
62 silly currentTree ├── extglob@0.3.2
62 silly currentTree ├── extsprintf@1.3.0
62 silly currentTree ├── fast-deep-equal@1.0.0
62 silly currentTree ├── fast-json-stable-stringify@2.0.0
62 silly currentTree ├── fast-levenshtein@2.0.6
62 silly currentTree ├─┬ fbjs@0.8.16
62 silly currentTree │ └── core-js@1.2.7
62 silly currentTree ├── figures@2.0.0
62 silly currentTree ├── file-entry-cache@2.0.0
62 silly currentTree ├── filename-regex@2.0.1
62 silly currentTree ├── fill-range@4.0.0
62 silly currentTree ├── finalhandler@1.1.0
62 silly currentTree ├── find-up@2.1.0
62 silly currentTree ├── flat-cache@1.3.0
62 silly currentTree ├── for-in@1.0.2
62 silly currentTree ├── for-own@0.1.5
62 silly currentTree ├── foreach@2.0.5
62 silly currentTree ├── forever-agent@0.6.1
62 silly currentTree ├── form-data@2.1.4
62 silly currentTree ├── forwarded@0.1.2
62 silly currentTree ├── fragment-cache@0.2.1
62 silly currentTree ├── fresh@0.5.2
62 silly currentTree ├── from@0.1.7
62 silly currentTree ├── fs-readdir-recursive@1.1.0
62 silly currentTree ├── fs.realpath@1.0.0
62 silly currentTree ├─┬ fsevents@1.1.3
62 silly currentTree │ ├── abbrev@1.1.0
62 silly currentTree │ ├── ajv@4.11.8
62 silly currentTree │ ├── ansi-regex@2.1.1
62 silly currentTree │ ├── aproba@1.1.1
62 silly currentTree │ ├── are-we-there-yet@1.1.4
62 silly currentTree │ ├── asn1@0.2.3
62 silly currentTree │ ├── assert-plus@0.2.0
62 silly currentTree │ ├── asynckit@0.4.0
62 silly currentTree │ ├── aws-sign2@0.6.0
62 silly currentTree │ ├── aws4@1.6.0
62 silly currentTree │ ├── balanced-match@0.4.2
62 silly currentTree │ ├── bcrypt-pbkdf@1.0.1
62 silly currentTree │ ├── block-stream@0.0.9
62 silly currentTree │ ├── boom@2.10.1
62 silly currentTree │ ├── brace-expansion@1.1.7
62 silly currentTree │ ├── buffer-shims@1.0.0
62 silly currentTree │ ├── caseless@0.12.0
62 silly currentTree │ ├── co@4.6.0
62 silly currentTree │ ├── code-point-at@1.1.0
62 silly currentTree │ ├── combined-stream@1.0.5
62 silly currentTree │ ├── concat-map@0.0.1
62 silly currentTree │ ├── console-control-strings@1.1.0
62 silly currentTree │ ├── core-util-is@1.0.2
62 silly currentTree │ ├── cryptiles@2.0.5
62 silly currentTree │ ├─┬ dashdash@1.14.1
62 silly currentTree │ │ └── assert-plus@1.0.0
62 silly currentTree │ ├── debug@2.6.8
62 silly currentTree │ ├── deep-extend@0.4.2
62 silly currentTree │ ├── delayed-stream@1.0.0
62 silly currentTree │ ├── delegates@1.0.0
62 silly currentTree │ ├── detect-libc@1.0.2
62 silly currentTree │ ├── ecc-jsbn@0.1.1
62 silly currentTree │ ├── extend@3.0.1
62 silly currentTree │ ├── extsprintf@1.0.2
62 silly currentTree │ ├── forever-agent@0.6.1
62 silly currentTree │ ├── form-data@2.1.4
62 silly currentTree │ ├── fs.realpath@1.0.0
62 silly currentTree │ ├── fstream-ignore@1.0.5
62 silly currentTree │ ├── fstream@1.0.11
62 silly currentTree │ ├── gauge@2.7.4
62 silly currentTree │ ├─┬ getpass@0.1.7
62 silly currentTree │ │ └── assert-plus@1.0.0
62 silly currentTree │ ├── glob@7.1.2
62 silly currentTree │ ├── graceful-fs@4.1.11
62 silly currentTree │ ├── har-schema@1.0.5
62 silly currentTree │ ├── har-validator@4.2.1
62 silly currentTree │ ├── has-unicode@2.0.1
62 silly currentTree │ ├── hawk@3.1.3
62 silly currentTree │ ├── hoek@2.16.3
62 silly currentTree │ ├── http-signature@1.1.1
62 silly currentTree │ ├── inflight@1.0.6
62 silly currentTree │ ├── inherits@2.0.3
62 silly currentTree │ ├── ini@1.3.4
62 silly currentTree │ ├── is-fullwidth-code-point@1.0.0
62 silly currentTree │ ├── is-typedarray@1.0.0
62 silly currentTree │ ├── isarray@1.0.0
62 silly currentTree │ ├── isstream@0.1.2
62 silly currentTree │ ├── jodid25519@1.0.2
62 silly currentTree │ ├── jsbn@0.1.1
62 silly currentTree │ ├── json-schema@0.2.3
62 silly currentTree │ ├── json-stable-stringify@1.0.1
62 silly currentTree │ ├── json-stringify-safe@5.0.1
62 silly currentTree │ ├── jsonify@0.0.0
62 silly currentTree │ ├─┬ jsprim@1.4.0
62 silly currentTree │ │ └── assert-plus@1.0.0
62 silly currentTree │ ├── mime-db@1.27.0
62 silly currentTree │ ├── mime-types@2.1.15
62 silly currentTree │ ├── minimatch@3.0.4
62 silly currentTree │ ├── minimist@0.0.8
62 silly currentTree │ ├── mkdirp@0.5.1
62 silly currentTree │ ├── ms@2.0.0
62 silly currentTree │ ├── node-pre-gyp@0.6.39
62 silly currentTree │ ├── nopt@4.0.1
62 silly currentTree │ ├── npmlog@4.1.0
62 silly currentTree │ ├── number-is-nan@1.0.1
62 silly currentTree │ ├── oauth-sign@0.8.2
62 silly currentTree │ ├── object-assign@4.1.1
62 silly currentTree │ ├── once@1.4.0
62 silly currentTree │ ├── os-homedir@1.0.2
62 silly currentTree │ ├── os-tmpdir@1.0.2
62 silly currentTree │ ├── osenv@0.1.4
62 silly currentTree │ ├── path-is-absolute@1.0.1
62 silly currentTree │ ├── performance-now@0.2.0
62 silly currentTree │ ├── process-nextick-args@1.0.7
62 silly currentTree │ ├── punycode@1.4.1
62 silly currentTree │ ├── qs@6.4.0
62 silly currentTree │ ├─┬ rc@1.2.1
62 silly currentTree │ │ └── minimist@1.2.0
62 silly currentTree │ ├── readable-stream@2.2.9
62 silly currentTree │ ├── request@2.81.0
62 silly currentTree │ ├── rimraf@2.6.1
62 silly currentTree │ ├── safe-buffer@5.0.1
62 silly currentTree │ ├── semver@5.3.0
62 silly currentTree │ ├── set-blocking@2.0.0
62 silly currentTree │ ├── signal-exit@3.0.2
62 silly currentTree │ ├── sntp@1.0.9
62 silly currentTree │ ├─┬ sshpk@1.13.0
62 silly currentTree │ │ └── assert-plus@1.0.0
62 silly currentTree │ ├── string_decoder@1.0.1
62 silly currentTree │ ├── string-width@1.0.2
62 silly currentTree │ ├── stringstream@0.0.5
62 silly currentTree │ ├── strip-ansi@3.0.1
62 silly currentTree │ ├── strip-json-comments@2.0.1
62 silly currentTree │ ├── tar-pack@3.4.0
62 silly currentTree │ ├── tar@2.2.1
62 silly currentTree │ ├── tough-cookie@2.3.2
62 silly currentTree │ ├── tunnel-agent@0.6.0
62 silly currentTree │ ├── tweetnacl@0.14.5
62 silly currentTree │ ├── uid-number@0.0.6
62 silly currentTree │ ├── util-deprecate@1.0.2
62 silly currentTree │ ├── uuid@3.0.1
62 silly currentTree │ ├── verror@1.3.6
62 silly currentTree │ ├── wide-align@1.1.2
62 silly currentTree │ └── wrappy@1.0.2
62 silly currentTree ├── fstream-ignore@1.0.5
62 silly currentTree ├── fstream@1.0.11
62 silly currentTree ├── function-bind@1.1.1
62 silly currentTree ├── functional-red-black-tree@1.0.1
62 silly currentTree ├─┬ gauge@2.7.4
62 silly currentTree │ ├── is-fullwidth-code-point@1.0.0
62 silly currentTree │ └── string-width@1.0.2
62 silly currentTree ├── generic-pool@3.4.2
62 silly currentTree ├── get-stream@3.0.0
62 silly currentTree ├── get-value@2.0.6
62 silly currentTree ├── getpass@0.1.7
62 silly currentTree ├── glob-base@0.3.0
62 silly currentTree ├── glob-parent@2.0.0
62 silly currentTree ├── glob@7.1.2
62 silly currentTree ├── global-dirs@0.1.1
62 silly currentTree ├── globals@11.3.0
62 silly currentTree ├── globby@5.0.0
62 silly currentTree ├── got@6.7.1
62 silly currentTree ├── graceful-fs@4.1.11
62 silly currentTree ├─┬ graphql-extensions@0.0.8
62 silly currentTree │ ├── source-map-support@0.5.3
62 silly currentTree │ └── source-map@0.6.1
62 silly currentTree ├── graphql-tools@2.21.0
62 silly currentTree ├── graphql@0.13.1
62 silly currentTree ├── har-schema@1.0.5
62 silly currentTree ├─┬ har-validator@4.2.1
62 silly currentTree │ └── ajv@4.11.8
62 silly currentTree ├── has-ansi@2.0.0
62 silly currentTree ├── has-flag@3.0.0
62 silly currentTree ├── has-unicode@2.0.1
62 silly currentTree ├── has-value@1.0.0
62 silly currentTree ├─┬ has-values@1.0.0
62 silly currentTree │ └── kind-of@4.0.0
62 silly currentTree ├── has@1.0.1
62 silly currentTree ├── hawk@3.1.3
62 silly currentTree ├── hoek@2.16.3
62 silly currentTree ├── home-or-tmp@2.0.0
62 silly currentTree ├── hosted-git-info@2.5.0
62 silly currentTree ├─┬ http-errors@1.6.2
62 silly currentTree │ ├── depd@1.1.1
62 silly currentTree │ ├── setprototypeof@1.0.3
62 silly currentTree │ └── statuses@1.4.0
62 silly currentTree ├─┬ http-signature@1.1.1
62 silly currentTree │ └── assert-plus@0.2.0
62 silly currentTree ├── iconv-lite@0.4.19
62 silly currentTree ├── ignore-by-default@1.0.1
62 silly currentTree ├── ignore@3.3.7
62 silly currentTree ├── import-lazy@2.1.0
62 silly currentTree ├── imurmurhash@0.1.4
62 silly currentTree ├── inflection@1.12.0
62 silly currentTree ├── inflight@1.0.6
62 silly currentTree ├── inherits@2.0.3
62 silly currentTree ├── ini@1.3.5
62 silly currentTree ├─┬ inquirer@3.3.0
62 silly currentTree │ ├── ansi-regex@3.0.0
62 silly currentTree │ └── strip-ansi@4.0.0
62 silly currentTree ├── invariant@2.2.3
62 silly currentTree ├── ipaddr.js@1.6.0
62 silly currentTree ├─┬ is-accessor-descriptor@1.0.0
62 silly currentTree │ └── kind-of@6.0.2
62 silly currentTree ├── is-arrayish@0.2.1
62 silly currentTree ├── is-binary-path@1.0.1
62 silly currentTree ├── is-bluebird@1.0.2
62 silly currentTree ├── is-buffer@1.1.6
62 silly currentTree ├── is-builtin-module@1.0.0
62 silly currentTree ├── is-callable@1.1.3
62 silly currentTree ├─┬ is-data-descriptor@1.0.0
62 silly currentTree │ └── kind-of@6.0.2
62 silly currentTree ├── is-date-object@1.0.1
62 silly currentTree ├─┬ is-descriptor@1.0.2
62 silly currentTree │ └── kind-of@6.0.2
62 silly currentTree ├── is-dotfile@1.0.3
62 silly currentTree ├── is-equal-shallow@0.1.3
62 silly currentTree ├── is-extendable@0.1.1
62 silly currentTree ├── is-extglob@1.0.0
62 silly currentTree ├── is-finite@1.0.2
62 silly currentTree ├── is-fullwidth-code-point@2.0.0
62 silly currentTree ├── is-glob@2.0.1
62 silly currentTree ├── is-installed-globally@0.1.0
62 silly currentTree ├── is-npm@1.0.0
62 silly currentTree ├── is-number@3.0.0
62 silly currentTree ├── is-obj@1.0.1
62 silly currentTree ├─┬ is-odd@2.0.0
62 silly currentTree │ └── is-number@4.0.0
62 silly currentTree ├── is-path-cwd@1.0.0
62 silly currentTree ├── is-path-in-cwd@1.0.0
62 silly currentTree ├── is-path-inside@1.0.1
62 silly currentTree ├── is-plain-object@2.0.4
62 silly currentTree ├── is-posix-bracket@0.1.1
62 silly currentTree ├── is-primitive@2.0.0
62 silly currentTree ├── is-promise@2.1.0
62 silly currentTree ├── is-redirect@1.0.0
62 silly currentTree ├── is-regex@1.0.4
62 silly currentTree ├── is-resolvable@1.1.0
62 silly currentTree ├── is-retry-allowed@1.1.0
62 silly currentTree ├── is-stream@1.1.0
62 silly currentTree ├── is-symbol@1.0.1
62 silly currentTree ├── is-typedarray@1.0.0
62 silly currentTree ├── is-windows@1.0.2
62 silly currentTree ├── isarray@1.0.0
62 silly currentTree ├── isexe@2.0.0
62 silly currentTree ├── isobject@3.0.1
62 silly currentTree ├── isomorphic-fetch@2.2.1
62 silly currentTree ├── isstream@0.1.2
62 silly currentTree ├── iterall@1.2.1
62 silly currentTree ├── js-string-escape@1.0.1
62 silly currentTree ├── js-tokens@3.0.2
62 silly currentTree ├── js-yaml@3.10.0
62 silly currentTree ├── jsbn@0.1.1
62 silly currentTree ├── jsesc@1.3.0
62 silly currentTree ├── json-schema-traverse@0.3.1
62 silly currentTree ├── json-schema@0.2.3
62 silly currentTree ├── json-stable-stringify-without-jsonify@1.0.1
62 silly currentTree ├── json-stable-stringify@1.0.1
62 silly currentTree ├── json-stringify-safe@5.0.1
62 silly currentTree ├── json5@0.5.1
62 silly currentTree ├── jsonify@0.0.0
62 silly currentTree ├── jsprim@1.4.1
62 silly currentTree ├── jsx-ast-utils@2.0.1
62 silly currentTree ├── kind-of@3.2.2
62 silly currentTree ├── latest-version@3.1.0
62 silly currentTree ├── lazy-cache@2.0.2
62 silly currentTree ├── levn@0.3.0
62 silly currentTree ├── load-json-file@2.0.0
62 silly currentTree ├─┬ locate-path@2.0.0
62 silly currentTree │ └── path-exists@3.0.0
62 silly currentTree ├── lodash.endswith@4.2.1
62 silly currentTree ├── lodash.isfunction@3.0.9
62 silly currentTree ├── lodash.isstring@4.0.1
62 silly currentTree ├── lodash.startswith@4.2.1
62 silly currentTree ├── lodash@4.17.5
62 silly currentTree ├── loose-envify@1.3.1
62 silly currentTree ├── lowercase-keys@1.0.0
62 silly currentTree ├── lru-cache@4.1.1
62 silly currentTree ├─┬ make-dir@1.2.0
62 silly currentTree │ └── pify@3.0.0
62 silly currentTree ├── map-cache@0.2.2
62 silly currentTree ├── map-stream@0.1.0
62 silly currentTree ├── map-visit@1.0.0
62 silly currentTree ├── media-typer@0.3.0
62 silly currentTree ├── merge-descriptors@1.0.1
62 silly currentTree ├── methods@1.1.2
62 silly currentTree ├─┬ micromatch@2.3.11
62 silly currentTree │ ├── arr-diff@2.0.0
62 silly currentTree │ ├── array-unique@0.2.1
62 silly currentTree │ └── braces@1.8.5
62 silly currentTree ├── mime-db@1.33.0
62 silly currentTree ├── mime-types@2.1.18
62 silly currentTree ├── mime@1.4.1
62 silly currentTree ├── mimic-fn@1.2.0
62 silly currentTree ├── minimatch@3.0.4
62 silly currentTree ├── minimist@0.0.8
62 silly currentTree ├─┬ mixin-deep@1.3.1
62 silly currentTree │ └── is-extendable@1.0.1
62 silly currentTree ├── mkdirp@0.5.1
62 silly currentTree ├── moment-timezone@0.5.14
62 silly currentTree ├── moment@2.20.1
62 silly currentTree ├── ms@2.0.0
62 silly currentTree ├── mute-stream@0.0.7
62 silly currentTree ├── nan@2.8.0
62 silly currentTree ├─┬ nanomatch@1.2.9
62 silly currentTree │ ├── define-property@2.0.2
62 silly currentTree │ ├── extend-shallow@3.0.2
62 silly currentTree │ ├── is-extendable@1.0.1
62 silly currentTree │ └── kind-of@6.0.2
62 silly currentTree ├── natural-compare@1.4.0
62 silly currentTree ├── negotiator@0.6.1
62 silly currentTree ├── node-fetch@1.7.3
62 silly currentTree ├─┬ node-pre-gyp@0.6.39
62 silly currentTree │ └── nopt@4.0.1
62 silly currentTree ├─┬ nodemon@1.15.1
62 silly currentTree │ ├── anymatch@2.0.0
62 silly currentTree │ ├── chokidar@2.0.2
62 silly currentTree │ ├── debug@3.1.0
62 silly currentTree │ ├── define-property@2.0.2
62 silly currentTree │ ├─┬ expand-brackets@2.1.4
62 silly currentTree │ │ ├── debug@2.6.9
62 silly currentTree │ │ ├── define-property@0.2.5
62 silly currentTree │ │ ├── extend-shallow@2.0.1
62 silly currentTree │ │ ├── is-descriptor@0.1.6
62 silly currentTree │ │ ├── is-extendable@0.1.1
62 silly currentTree │ │ └── kind-of@5.1.0
62 silly currentTree │ ├── extend-shallow@3.0.2
62 silly currentTree │ ├─┬ extglob@2.0.4
62 silly currentTree │ │ ├── define-property@1.0.0
62 silly currentTree │ │ ├── extend-shallow@2.0.1
62 silly currentTree │ │ └── is-extendable@0.1.1
62 silly currentTree │ ├─┬ glob-parent@3.1.0
62 silly currentTree │ │ └── is-glob@3.1.0
62 silly currentTree │ ├─┬ is-accessor-descriptor@0.1.6
62 silly currentTree │ │ └── kind-of@3.2.2
62 silly currentTree │ ├─┬ is-data-descriptor@0.1.4
62 silly currentTree │ │ └── kind-of@3.2.2
62 silly currentTree │ ├── is-extendable@1.0.1
62 silly currentTree │ ├── is-extglob@2.1.1
62 silly currentTree │ ├── is-glob@4.0.0
62 silly currentTree │ ├── kind-of@6.0.2
62 silly currentTree │ └── micromatch@3.1.8
62 silly currentTree ├── nopt@1.0.10
62 silly currentTree ├── normalize-package-data@2.4.0
62 silly currentTree ├── normalize-path@2.1.1
62 silly currentTree ├── npm-run-path@2.0.2
62 silly currentTree ├── npmlog@4.1.2
62 silly currentTree ├── number-is-nan@1.0.1
62 silly currentTree ├── oauth-sign@0.8.2
62 silly currentTree ├── object-assign@4.1.1
62 silly currentTree ├── object-copy@0.1.0
62 silly currentTree ├── object-keys@1.0.11
62 silly currentTree ├── object-visit@1.0.1
62 silly currentTree ├── object.omit@2.0.1
62 silly currentTree ├── object.pick@1.3.0
62 silly currentTree ├── on-finished@2.3.0
62 silly currentTree ├── once@1.4.0
62 silly currentTree ├── onetime@2.0.1
62 silly currentTree ├── optionator@0.8.2
62 silly currentTree ├── os-homedir@1.0.2
62 silly currentTree ├── os-tmpdir@1.0.2
62 silly currentTree ├── osenv@0.1.5
62 silly currentTree ├── output-file-sync@1.1.2
62 silly currentTree ├── p-finally@1.0.0
62 silly currentTree ├── p-limit@1.2.0
62 silly currentTree ├── p-locate@2.0.0
62 silly currentTree ├── p-try@1.0.0
62 silly currentTree ├── package-json@4.0.1
62 silly currentTree ├── packet-reader@0.3.1
62 silly currentTree ├── parse-glob@3.0.4
62 silly currentTree ├── parse-json@2.2.0
62 silly currentTree ├── parseurl@1.3.2
62 silly currentTree ├── pascalcase@0.1.1
62 silly currentTree ├── path-dirname@1.0.2
62 silly currentTree ├── path-exists@2.1.0
62 silly currentTree ├── path-is-absolute@1.0.1
62 silly currentTree ├── path-is-inside@1.0.2
62 silly currentTree ├── path-key@2.0.1
62 silly currentTree ├── path-parse@1.0.5
62 silly currentTree ├── path-to-regexp@0.1.7
62 silly currentTree ├── path-type@2.0.0
62 silly currentTree ├── pause-stream@0.0.11
62 silly currentTree ├── performance-now@0.2.0
62 silly currentTree ├── pg-connection-string@0.1.3
62 silly currentTree ├── pg-pool@2.0.3
62 silly currentTree ├── pg-types@1.12.1
62 silly currentTree ├─┬ pg@7.4.1
62 silly currentTree │ └── semver@4.3.2
62 silly currentTree ├── pgpass@1.0.2
62 silly currentTree ├── pify@2.3.0
62 silly currentTree ├── pinkie-promise@2.0.1
62 silly currentTree ├── pinkie@2.0.4
62 silly currentTree ├─┬ pkg-dir@1.0.0
62 silly currentTree │ └── find-up@1.1.2
62 silly currentTree ├── pluralize@7.0.0
62 silly currentTree ├── posix-character-classes@0.1.1
62 silly currentTree ├── postgres-array@1.0.2
62 silly currentTree ├── postgres-bytea@1.0.0
62 silly currentTree ├── postgres-date@1.0.3
62 silly currentTree ├── postgres-interval@1.1.1
62 silly currentTree ├── prelude-ls@1.1.2
62 silly currentTree ├── prepend-http@1.0.4
62 silly currentTree ├── preserve@0.2.0
62 silly currentTree ├── private@0.1.8
62 silly currentTree ├── process-nextick-args@2.0.0
62 silly currentTree ├── progress@2.0.0
62 silly currentTree ├── promise@7.3.1
62 silly currentTree ├── prop-types@15.6.0
62 silly currentTree ├── proxy-addr@2.0.3
62 silly currentTree ├── ps-tree@1.1.0
62 silly currentTree ├── pseudomap@1.0.2
62 silly currentTree ├── pstree.remy@1.1.0
62 silly currentTree ├── punycode@1.4.1
62 silly currentTree ├── qs@6.5.1
62 silly currentTree ├─┬ randomatic@1.1.7
62 silly currentTree │ └── kind-of@4.0.0
62 silly currentTree ├── range-parser@1.2.0
62 silly currentTree ├── raw-body@2.3.2
62 silly currentTree ├─┬ rc@1.2.5
62 silly currentTree │ └── minimist@1.2.0
62 silly currentTree ├── read-pkg-up@2.0.0
62 silly currentTree ├── read-pkg@2.0.0
62 silly currentTree ├── readable-stream@2.3.4
62 silly currentTree ├── readdirp@2.1.0
62 silly currentTree ├── regenerate@1.3.3
62 silly currentTree ├── regenerator-runtime@0.10.5
62 silly currentTree ├── regenerator-transform@0.10.1
62 silly currentTree ├── regex-cache@0.4.4
62 silly currentTree ├─┬ regex-not@1.0.2
62 silly currentTree │ ├── extend-shallow@3.0.2
62 silly currentTree │ └── is-extendable@1.0.1
62 silly currentTree ├── regexpu-core@2.0.0
62 silly currentTree ├── registry-auth-token@3.3.2
62 silly currentTree ├── registry-url@3.1.0
62 silly currentTree ├── regjsgen@0.2.0
62 silly currentTree ├─┬ regjsparser@0.1.5
62 silly currentTree │ └── jsesc@0.5.0
62 silly currentTree ├── remove-trailing-separator@1.1.0
62 silly currentTree ├── repeat-element@1.1.2
62 silly currentTree ├── repeat-string@1.6.1
62 silly currentTree ├── repeating@2.0.1
62 silly currentTree ├─┬ request@2.81.0
62 silly currentTree │ └── qs@6.4.0
62 silly currentTree ├── require-uncached@1.0.3
62 silly currentTree ├── resolve-from@1.0.1
62 silly currentTree ├── resolve-url@0.2.1
62 silly currentTree ├── resolve@1.5.0
62 silly currentTree ├── restore-cursor@2.0.0
62 silly currentTree ├── ret@0.1.15
62 silly currentTree ├── retry-as-promised@2.3.2
62 silly currentTree ├── rimraf@2.6.2
62 silly currentTree ├── run-async@2.3.0
62 silly currentTree ├── rx-lite-aggregates@4.0.8
62 silly currentTree ├── rx-lite@4.0.8
62 silly currentTree ├── safe-buffer@5.1.1
62 silly currentTree ├── safe-regex@1.1.0
62 silly currentTree ├── semver-diff@2.1.0
62 silly currentTree ├── semver@5.5.0
62 silly currentTree ├── send@0.16.1
62 silly currentTree ├─┬ sequelize@4.33.4
62 silly currentTree │ └── debug@3.1.0
62 silly currentTree ├── serve-static@1.13.1
62 silly currentTree ├── set-blocking@2.0.0
62 silly currentTree ├── set-getter@0.1.0
62 silly currentTree ├── set-immediate-shim@1.0.1
62 silly currentTree ├── set-value@2.0.0
62 silly currentTree ├── setimmediate@1.0.5
62 silly currentTree ├── setprototypeof@1.1.0
62 silly currentTree ├── shebang-command@1.2.0
62 silly currentTree ├── shebang-regex@1.0.0
62 silly currentTree ├── shimmer@1.2.0
62 silly currentTree ├── signal-exit@3.0.2
62 silly currentTree ├── slash@1.0.0
62 silly currentTree ├── slice-ansi@1.0.0
62 silly currentTree ├─┬ snapdragon-node@2.1.1
62 silly currentTree │ └── define-property@1.0.0
62 silly currentTree ├── snapdragon-util@3.0.1
62 silly currentTree ├── snapdragon@0.8.1
62 silly currentTree ├── sntp@1.0.9
62 silly currentTree ├── source-map-resolve@0.5.1
62 silly currentTree ├── source-map-support@0.4.18
62 silly currentTree ├── source-map-url@0.4.0
62 silly currentTree ├── source-map@0.5.7
62 silly currentTree ├── spdx-correct@1.0.2
62 silly currentTree ├── spdx-expression-parse@1.0.4
62 silly currentTree ├── spdx-license-ids@1.2.2
62 silly currentTree ├─┬ split-string@3.1.0
62 silly currentTree │ ├── extend-shallow@3.0.2
62 silly currentTree │ └── is-extendable@1.0.1
62 silly currentTree ├── split@1.0.1
62 silly currentTree ├── sprintf-js@1.0.3
62 silly currentTree ├── sshpk@1.13.1
62 silly currentTree ├── static-extend@0.1.2
62 silly currentTree ├── statuses@1.3.1
62 silly currentTree ├── stream-combiner@0.0.4
62 silly currentTree ├── string_decoder@1.0.3
62 silly currentTree ├─┬ string-width@2.1.1
62 silly currentTree │ ├── ansi-regex@3.0.0
62 silly currentTree │ └── strip-ansi@4.0.0
62 silly currentTree ├── stringstream@0.0.5
62 silly currentTree ├── strip-ansi@3.0.1
62 silly currentTree ├── strip-bom@3.0.0
62 silly currentTree ├── strip-eof@1.0.0
62 silly currentTree ├── strip-json-comments@2.0.1
62 silly currentTree ├── supports-color@5.2.0
62 silly currentTree ├── table@4.0.2
62 silly currentTree ├── tar-pack@3.4.1
62 silly currentTree ├── tar@2.2.1
62 silly currentTree ├── term-size@1.2.0
62 silly currentTree ├── terraformer-wkt-parser@1.1.2
62 silly currentTree ├── terraformer@1.0.8
62 silly currentTree ├── text-table@0.2.0
62 silly currentTree ├── through@2.3.8
62 silly currentTree ├── timed-out@4.0.1
62 silly currentTree ├── tmp@0.0.33
62 silly currentTree ├── to-fast-properties@1.0.3
62 silly currentTree ├── to-object-path@0.3.0
62 silly currentTree ├── to-regex-range@2.1.1
62 silly currentTree ├── to-regex@3.0.1
62 silly currentTree ├── toposort-class@1.0.1
62 silly currentTree ├── touch@3.1.0
62 silly currentTree ├── tough-cookie@2.3.3
62 silly currentTree ├── trim-right@1.0.1
62 silly currentTree ├── tunnel-agent@0.6.0
62 silly currentTree ├── tweetnacl@0.14.5
62 silly currentTree ├── type-check@0.3.2
62 silly currentTree ├── type-is@1.6.16
62 silly currentTree ├── typedarray@0.0.6
62 silly currentTree ├── ua-parser-js@0.7.17
62 silly currentTree ├── uid-number@0.0.6
62 silly currentTree ├── undefsafe@2.0.2
62 silly currentTree ├─┬ union-value@1.0.0
62 silly currentTree │ └── set-value@0.4.3
62 silly currentTree ├── unique-string@1.0.0
62 silly currentTree ├── unpipe@1.0.0
62 silly currentTree ├─┬ unset-value@1.0.0
62 silly currentTree │ ├─┬ has-value@0.3.1
62 silly currentTree │ │ └── isobject@2.1.0
62 silly currentTree │ └── has-values@0.1.4
62 silly currentTree ├── unzip-response@2.0.1
62 silly currentTree ├── upath@1.0.2
62 silly currentTree ├── update-notifier@2.3.0
62 silly currentTree ├── urix@0.1.0
62 silly currentTree ├── url-parse-lax@1.0.0
62 silly currentTree ├── use@2.0.2
62 silly currentTree ├── user-home@1.1.1
62 silly currentTree ├── util-deprecate@1.0.2
62 silly currentTree ├── utils-merge@1.0.1
62 silly currentTree ├── uuid@3.2.1
62 silly currentTree ├── v8flags@2.1.1
62 silly currentTree ├── validate-npm-package-license@3.0.1
62 silly currentTree ├── validator@9.4.1
62 silly currentTree ├── vary@1.1.2
62 silly currentTree ├─┬ verror@1.10.0
62 silly currentTree │ └── extsprintf@1.4.0
62 silly currentTree ├── whatwg-fetch@2.0.3
62 silly currentTree ├── which@1.3.0
62 silly currentTree ├─┬ wide-align@1.1.2
62 silly currentTree │ ├── is-fullwidth-code-point@1.0.0
62 silly currentTree │ └── string-width@1.0.2
62 silly currentTree ├── widest-line@2.0.0
62 silly currentTree ├── wkx@0.4.2
62 silly currentTree ├── wordwrap@1.0.0
62 silly currentTree ├── wrappy@1.0.2
62 silly currentTree ├── write-file-atomic@2.3.0
62 silly currentTree ├── write@0.2.1
62 silly currentTree ├── xdg-basedir@3.0.0
62 silly currentTree ├── xtend@4.0.1
62 silly currentTree ├── yallist@2.1.2
62 silly currentTree └── zen-observable@0.8.6
63 silly idealTree slack-clone@1.0.0
63 silly idealTree ├── @types/geojson@1.0.6
63 silly idealTree ├── @types/node@9.4.6
63 silly idealTree ├── @types/zen-observable@0.5.3
63 silly idealTree ├── abbrev@1.1.1
63 silly idealTree ├── accepts@1.3.4
63 silly idealTree ├─┬ acorn-jsx@3.0.1
63 silly idealTree │ └── acorn@3.3.0
63 silly idealTree ├── acorn@5.4.1
63 silly idealTree ├── ajv-keywords@2.1.1
63 silly idealTree ├── ajv@5.5.2
63 silly idealTree ├── ansi-align@2.0.0
63 silly idealTree ├── ansi-escapes@3.0.0
63 silly idealTree ├── ansi-regex@2.1.1
63 silly idealTree ├── ansi-styles@3.2.0
63 silly idealTree ├── anymatch@1.3.2
63 silly idealTree ├── apollo-cache-control@0.0.9
63 silly idealTree ├── apollo-link@1.2.0
63 silly idealTree ├── apollo-server-core@1.3.2
63 silly idealTree ├── apollo-server-express@1.3.2
63 silly idealTree ├── apollo-server-module-graphiql@1.3.2
63 silly idealTree ├── apollo-tracing@0.1.3
63 silly idealTree ├── apollo-utilities@1.0.8
63 silly idealTree ├── aproba@1.2.0
63 silly idealTree ├── are-we-there-yet@1.1.4
63 silly idealTree ├── argparse@1.0.10
63 silly idealTree ├── aria-query@0.7.1
63 silly idealTree ├── arr-diff@4.0.0
63 silly idealTree ├── arr-flatten@1.1.0
63 silly idealTree ├── arr-union@3.1.0
63 silly idealTree ├── array-flatten@1.1.1
63 silly idealTree ├── array-includes@3.0.3
63 silly idealTree ├── array-union@1.0.2
63 silly idealTree ├── array-uniq@1.0.3
63 silly idealTree ├── array-unique@0.3.2
63 silly idealTree ├── arrify@1.0.1
63 silly idealTree ├── asap@2.0.6
63 silly idealTree ├── asn1@0.2.3
63 silly idealTree ├── assert-plus@1.0.0
63 silly idealTree ├── assign-symbols@1.0.0
63 silly idealTree ├── ast-types-flow@0.0.7
63 silly idealTree ├── async-each@1.0.1
63 silly idealTree ├── asynckit@0.4.0
63 silly idealTree ├── atob@2.0.3
63 silly idealTree ├── aws-sign2@0.6.0
63 silly idealTree ├── aws4@1.6.0
63 silly idealTree ├── axobject-query@0.1.0
63 silly idealTree ├── babel-cli@6.26.0
63 silly idealTree ├─┬ babel-code-frame@6.26.0
63 silly idealTree │ ├── ansi-styles@2.2.1
63 silly idealTree │ ├── chalk@1.1.3
63 silly idealTree │ └── supports-color@2.0.0
63 silly idealTree ├── babel-core@6.26.0
63 silly idealTree ├── babel-generator@6.26.1
63 silly idealTree ├── babel-helper-builder-binary-assignment-operator-visitor@6.24.1
63 silly idealTree ├── babel-helper-call-delegate@6.24.1
63 silly idealTree ├── babel-helper-define-map@6.26.0
63 silly idealTree ├── babel-helper-explode-assignable-expression@6.24.1
63 silly idealTree ├── babel-helper-function-name@6.24.1
63 silly idealTree ├── babel-helper-get-function-arity@6.24.1
63 silly idealTree ├── babel-helper-hoist-variables@6.24.1
63 silly idealTree ├── babel-helper-optimise-call-expression@6.24.1
63 silly idealTree ├── babel-helper-regex@6.26.0
63 silly idealTree ├── babel-helper-remap-async-to-generator@6.24.1
63 silly idealTree ├── babel-helper-replace-supers@6.24.1
63 silly idealTree ├── babel-helpers@6.24.1
63 silly idealTree ├── babel-messages@6.23.0
63 silly idealTree ├── babel-plugin-check-es2015-constants@6.22.0
63 silly idealTree ├── babel-plugin-syntax-async-functions@6.13.0
63 silly idealTree ├── babel-plugin-syntax-async-generators@6.13.0
63 silly idealTree ├── babel-plugin-syntax-exponentiation-operator@6.13.0
63 silly idealTree ├── babel-plugin-syntax-object-rest-spread@6.13.0
63 silly idealTree ├── babel-plugin-syntax-trailing-function-commas@6.22.0
63 silly idealTree ├── babel-plugin-transform-async-generator-functions@6.24.1
63 silly idealTree ├── babel-plugin-transform-async-to-generator@6.24.1
63 silly idealTree ├── babel-plugin-transform-es2015-arrow-functions@6.22.0
63 silly idealTree ├── babel-plugin-transform-es2015-block-scoped-functions@6.22.0
63 silly idealTree ├── babel-plugin-transform-es2015-block-scoping@6.26.0
63 silly idealTree ├── babel-plugin-transform-es2015-classes@6.24.1
63 silly idealTree ├── babel-plugin-transform-es2015-computed-properties@6.24.1
63 silly idealTree ├── babel-plugin-transform-es2015-destructuring@6.23.0
63 silly idealTree ├── babel-plugin-transform-es2015-duplicate-keys@6.24.1
63 silly idealTree ├── babel-plugin-transform-es2015-for-of@6.23.0
63 silly idealTree ├── babel-plugin-transform-es2015-function-name@6.24.1
63 silly idealTree ├── babel-plugin-transform-es2015-literals@6.22.0
63 silly idealTree ├── babel-plugin-transform-es2015-modules-amd@6.24.1
63 silly idealTree ├── babel-plugin-transform-es2015-modules-commonjs@6.26.0
63 silly idealTree ├── babel-plugin-transform-es2015-modules-systemjs@6.24.1
63 silly idealTree ├── babel-plugin-transform-es2015-modules-umd@6.24.1
63 silly idealTree ├── babel-plugin-transform-es2015-object-super@6.24.1
63 silly idealTree ├── babel-plugin-transform-es2015-parameters@6.24.1
63 silly idealTree ├── babel-plugin-transform-es2015-shorthand-properties@6.24.1
63 silly idealTree ├── babel-plugin-transform-es2015-spread@6.22.0
63 silly idealTree ├── babel-plugin-transform-es2015-sticky-regex@6.24.1
63 silly idealTree ├── babel-plugin-transform-es2015-template-literals@6.22.0
63 silly idealTree ├── babel-plugin-transform-es2015-typeof-symbol@6.23.0
63 silly idealTree ├── babel-plugin-transform-es2015-unicode-regex@6.24.1
63 silly idealTree ├── babel-plugin-transform-exponentiation-operator@6.24.1
63 silly idealTree ├── babel-plugin-transform-object-rest-spread@6.26.0
63 silly idealTree ├── babel-plugin-transform-regenerator@6.26.0
63 silly idealTree ├── babel-plugin-transform-strict-mode@6.24.1
63 silly idealTree ├── babel-polyfill@6.26.0
63 silly idealTree ├── babel-preset-env@1.6.1
63 silly idealTree ├── babel-preset-stage-3@6.24.1
63 silly idealTree ├── babel-register@6.26.0
63 silly idealTree ├─┬ babel-runtime@6.26.0
63 silly idealTree │ └── regenerator-runtime@0.11.1
63 silly idealTree ├── babel-template@6.26.0
63 silly idealTree ├─┬ babel-traverse@6.26.0
63 silly idealTree │ └── globals@9.18.0
63 silly idealTree ├── babel-types@6.26.0
63 silly idealTree ├── babylon@6.18.0
63 silly idealTree ├── balanced-match@1.0.0
63 silly idealTree ├─┬ base@0.11.2
63 silly idealTree │ └── define-property@1.0.0
63 silly idealTree ├── bcrypt-pbkdf@1.0.1
63 silly idealTree ├── binary-extensions@1.11.0
63 silly idealTree ├── block-stream@0.0.9
63 silly idealTree ├── bluebird@3.5.1
63 silly idealTree ├── body-parser@1.18.2
63 silly idealTree ├── boom@2.10.1
63 silly idealTree ├── boxen@1.3.0
63 silly idealTree ├── brace-expansion@1.1.11
63 silly idealTree ├─┬ braces@2.3.1
63 silly idealTree │ ├── define-property@1.0.0
63 silly idealTree │ └── kind-of@6.0.2
63 silly idealTree ├── browserslist@2.11.3
63 silly idealTree ├── buffer-writer@1.0.1
63 silly idealTree ├── builtin-modules@1.1.1
63 silly idealTree ├── bytes@3.0.0
63 silly idealTree ├── cache-base@1.0.1
63 silly idealTree ├── caller-path@0.1.0
63 silly idealTree ├── callsites@0.2.0
63 silly idealTree ├── camelcase@4.1.0
63 silly idealTree ├── caniuse-lite@1.0.30000810
63 silly idealTree ├── capture-stack-trace@1.0.0
63 silly idealTree ├── caseless@0.12.0
63 silly idealTree ├── chalk@2.3.1
63 silly idealTree ├── chardet@0.4.2
63 silly idealTree ├── chokidar@1.7.0
63 silly idealTree ├── circular-json@0.3.3
63 silly idealTree ├── class-utils@0.3.6
63 silly idealTree ├── cli-boxes@1.0.0
63 silly idealTree ├── cli-cursor@2.1.0
63 silly idealTree ├── cli-width@2.2.0
63 silly idealTree ├── cls-bluebird@2.1.0
63 silly idealTree ├── co@4.6.0
63 silly idealTree ├── code-point-at@1.1.0
63 silly idealTree ├── collection-visit@1.0.0
63 silly idealTree ├── color-convert@1.9.1
63 silly idealTree ├── color-name@1.1.3
63 silly idealTree ├── combined-stream@1.0.6
63 silly idealTree ├── commander@2.14.1
63 silly idealTree ├── component-emitter@1.2.1
63 silly idealTree ├── concat-map@0.0.1
63 silly idealTree ├── concat-stream@1.6.0
63 silly idealTree ├── configstore@3.1.1
63 silly idealTree ├── console-control-strings@1.1.0
63 silly idealTree ├── contains-path@0.1.0
63 silly idealTree ├── content-disposition@0.5.2
63 silly idealTree ├── content-type@1.0.4
63 silly idealTree ├── convert-source-map@1.5.1
63 silly idealTree ├── cookie-signature@1.0.6
63 silly idealTree ├── cookie@0.3.1
63 silly idealTree ├── copy-descriptor@0.1.1
63 silly idealTree ├── core-js@2.5.3
63 silly idealTree ├── core-util-is@1.0.2
63 silly idealTree ├── create-error-class@3.0.2
63 silly idealTree ├── cross-spawn@5.1.0
63 silly idealTree ├── cryptiles@2.0.5
63 silly idealTree ├── crypto-random-string@1.0.0
63 silly idealTree ├── damerau-levenshtein@1.0.4
63 silly idealTree ├── dashdash@1.14.1
63 silly idealTree ├── debug@2.6.9
63 silly idealTree ├── decode-uri-component@0.2.0
63 silly idealTree ├── deep-extend@0.4.2
63 silly idealTree ├── deep-is@0.1.3
63 silly idealTree ├── define-properties@1.1.2
63 silly idealTree ├─┬ define-property@0.2.5
63 silly idealTree │ ├─┬ is-accessor-descriptor@0.1.6
63 silly idealTree │ │ └── kind-of@3.2.2
63 silly idealTree │ ├─┬ is-data-descriptor@0.1.4
63 silly idealTree │ │ └── kind-of@3.2.2
63 silly idealTree │ ├── is-descriptor@0.1.6
63 silly idealTree │ └── kind-of@5.1.0
63 silly idealTree ├── del@2.2.2
63 silly idealTree ├── delayed-stream@1.0.0
63 silly idealTree ├── delegates@1.0.0
63 silly idealTree ├── depd@1.1.2
63 silly idealTree ├── deprecated-decorator@0.1.6
63 silly idealTree ├── destroy@1.0.4
63 silly idealTree ├── detect-indent@4.0.0
63 silly idealTree ├── detect-libc@1.0.3
63 silly idealTree ├── doctrine@2.1.0
63 silly idealTree ├── dot-prop@4.2.0
63 silly idealTree ├── dottie@2.0.0
63 silly idealTree ├── duplexer@0.1.1
63 silly idealTree ├── duplexer3@0.1.4
63 silly idealTree ├── ecc-jsbn@0.1.1
63 silly idealTree ├── ee-first@1.1.1
63 silly idealTree ├── electron-to-chromium@1.3.33
63 silly idealTree ├── emoji-regex@6.5.1
63 silly idealTree ├── encodeurl@1.0.2
63 silly idealTree ├── encoding@0.1.12
63 silly idealTree ├── error-ex@1.3.1
63 silly idealTree ├── es-abstract@1.10.0
63 silly idealTree ├── es-to-primitive@1.1.1
63 silly idealTree ├── escape-html@1.0.3
63 silly idealTree ├── escape-string-regexp@1.0.5
63 silly idealTree ├── eslint-config-airbnb-base@12.1.0
63 silly idealTree ├── eslint-config-airbnb@16.1.0
63 silly idealTree ├── eslint-import-resolver-node@0.3.2
63 silly idealTree ├── eslint-module-utils@2.1.1
63 silly idealTree ├─┬ eslint-plugin-import@2.9.0
63 silly idealTree │ └── doctrine@1.5.0
63 silly idealTree ├── eslint-plugin-jsx-a11y@6.0.3
63 silly idealTree ├── eslint-plugin-react@7.7.0
63 silly idealTree ├── eslint-restricted-globals@0.1.1
63 silly idealTree ├── eslint-scope@3.7.1
63 silly idealTree ├── eslint-visitor-keys@1.0.0
63 silly idealTree ├─┬ eslint@4.18.1
63 silly idealTree │ ├── ansi-regex@3.0.0
63 silly idealTree │ ├── debug@3.1.0
63 silly idealTree │ └── strip-ansi@4.0.0
63 silly idealTree ├── espree@3.5.3
63 silly idealTree ├── esprima@4.0.0
63 silly idealTree ├── esquery@1.0.0
63 silly idealTree ├── esrecurse@4.2.0
63 silly idealTree ├── estraverse@4.2.0
63 silly idealTree ├── esutils@2.0.2
63 silly idealTree ├── etag@1.8.1
63 silly idealTree ├─┬ event-stream@3.3.4
63 silly idealTree │ └── split@0.3.3
63 silly idealTree ├── execa@0.7.0
63 silly idealTree ├── expand-brackets@0.1.5
63 silly idealTree ├─┬ expand-range@1.8.2
63 silly idealTree │ ├── fill-range@2.2.3
63 silly idealTree │ ├── is-number@2.1.0
63 silly idealTree │ └── isobject@2.1.0
63 silly idealTree ├── express@4.16.2
63 silly idealTree ├── extend-shallow@2.0.1
63 silly idealTree ├── extend@3.0.1
63 silly idealTree ├── external-editor@2.1.0
63 silly idealTree ├── extglob@0.3.2
63 silly idealTree ├── extsprintf@1.3.0
63 silly idealTree ├── fast-deep-equal@1.0.0
63 silly idealTree ├── fast-json-stable-stringify@2.0.0
63 silly idealTree ├── fast-levenshtein@2.0.6
63 silly idealTree ├─┬ fbjs@0.8.16
63 silly idealTree │ └── core-js@1.2.7
63 silly idealTree ├── figures@2.0.0
63 silly idealTree ├── file-entry-cache@2.0.0
63 silly idealTree ├── filename-regex@2.0.1
63 silly idealTree ├── fill-range@4.0.0
63 silly idealTree ├── finalhandler@1.1.0
63 silly idealTree ├── find-up@2.1.0
63 silly idealTree ├── flat-cache@1.3.0
63 silly idealTree ├── for-in@1.0.2
63 silly idealTree ├── for-own@0.1.5
63 silly idealTree ├── foreach@2.0.5
63 silly idealTree ├── forever-agent@0.6.1
63 silly idealTree ├── form-data@2.1.4
63 silly idealTree ├── forwarded@0.1.2
63 silly idealTree ├── fragment-cache@0.2.1
63 silly idealTree ├── fresh@0.5.2
63 silly idealTree ├── from@0.1.7
63 silly idealTree ├── fs-readdir-recursive@1.1.0
63 silly idealTree ├── fs.realpath@1.0.0
63 silly idealTree ├─┬ fsevents@1.1.3
63 silly idealTree │ ├── abbrev@1.1.0
63 silly idealTree │ ├── ajv@4.11.8
63 silly idealTree │ ├── ansi-regex@2.1.1
63 silly idealTree │ ├── aproba@1.1.1
63 silly idealTree │ ├── are-we-there-yet@1.1.4
63 silly idealTree │ ├── asn1@0.2.3
63 silly idealTree │ ├── assert-plus@0.2.0
63 silly idealTree │ ├── asynckit@0.4.0
63 silly idealTree │ ├── aws-sign2@0.6.0
63 silly idealTree │ ├── aws4@1.6.0
63 silly idealTree │ ├── balanced-match@0.4.2
63 silly idealTree │ ├── bcrypt-pbkdf@1.0.1
63 silly idealTree │ ├── block-stream@0.0.9
63 silly idealTree │ ├── boom@2.10.1
63 silly idealTree │ ├── brace-expansion@1.1.7
63 silly idealTree │ ├── buffer-shims@1.0.0
63 silly idealTree │ ├── caseless@0.12.0
63 silly idealTree │ ├── co@4.6.0
63 silly idealTree │ ├── code-point-at@1.1.0
63 silly idealTree │ ├── combined-stream@1.0.5
63 silly idealTree │ ├── concat-map@0.0.1
63 silly idealTree │ ├── console-control-strings@1.1.0
63 silly idealTree │ ├── core-util-is@1.0.2
63 silly idealTree │ ├── cryptiles@2.0.5
63 silly idealTree │ ├─┬ dashdash@1.14.1
63 silly idealTree │ │ └── assert-plus@1.0.0
63 silly idealTree │ ├── debug@2.6.8
63 silly idealTree │ ├── deep-extend@0.4.2
63 silly idealTree │ ├── delayed-stream@1.0.0
63 silly idealTree │ ├── delegates@1.0.0
63 silly idealTree │ ├── detect-libc@1.0.2
63 silly idealTree │ ├── ecc-jsbn@0.1.1
63 silly idealTree │ ├── extend@3.0.1
63 silly idealTree │ ├── extsprintf@1.0.2
63 silly idealTree │ ├── forever-agent@0.6.1
63 silly idealTree │ ├── form-data@2.1.4
63 silly idealTree │ ├── fs.realpath@1.0.0
63 silly idealTree │ ├── fstream-ignore@1.0.5
63 silly idealTree │ ├── fstream@1.0.11
63 silly idealTree │ ├── gauge@2.7.4
63 silly idealTree │ ├─┬ getpass@0.1.7
63 silly idealTree │ │ └── assert-plus@1.0.0
63 silly idealTree │ ├── glob@7.1.2
63 silly idealTree │ ├── graceful-fs@4.1.11
63 silly idealTree │ ├── har-schema@1.0.5
63 silly idealTree │ ├── har-validator@4.2.1
63 silly idealTree │ ├── has-unicode@2.0.1
63 silly idealTree │ ├── hawk@3.1.3
63 silly idealTree │ ├── hoek@2.16.3
63 silly idealTree │ ├── http-signature@1.1.1
63 silly idealTree │ ├── inflight@1.0.6
63 silly idealTree │ ├── inherits@2.0.3
63 silly idealTree │ ├── ini@1.3.4
63 silly idealTree │ ├── is-fullwidth-code-point@1.0.0
63 silly idealTree │ ├── is-typedarray@1.0.0
63 silly idealTree │ ├── isarray@1.0.0
63 silly idealTree │ ├── isstream@0.1.2
63 silly idealTree │ ├── jodid25519@1.0.2
63 silly idealTree │ ├── jsbn@0.1.1
63 silly idealTree │ ├── json-schema@0.2.3
63 silly idealTree │ ├── json-stable-stringify@1.0.1
63 silly idealTree │ ├── json-stringify-safe@5.0.1
63 silly idealTree │ ├── jsonify@0.0.0
63 silly idealTree │ ├─┬ jsprim@1.4.0
63 silly idealTree │ │ └── assert-plus@1.0.0
63 silly idealTree │ ├── mime-db@1.27.0
63 silly idealTree │ ├── mime-types@2.1.15
63 silly idealTree │ ├── minimatch@3.0.4
63 silly idealTree │ ├── minimist@0.0.8
63 silly idealTree │ ├── mkdirp@0.5.1
63 silly idealTree │ ├── ms@2.0.0
63 silly idealTree │ ├── node-pre-gyp@0.6.39
63 silly idealTree │ ├── nopt@4.0.1
63 silly idealTree │ ├── npmlog@4.1.0
63 silly idealTree │ ├── number-is-nan@1.0.1
63 silly idealTree │ ├── oauth-sign@0.8.2
63 silly idealTree │ ├── object-assign@4.1.1
63 silly idealTree │ ├── once@1.4.0
63 silly idealTree │ ├── os-homedir@1.0.2
63 silly idealTree │ ├── os-tmpdir@1.0.2
63 silly idealTree │ ├── osenv@0.1.4
63 silly idealTree │ ├── path-is-absolute@1.0.1
63 silly idealTree │ ├── performance-now@0.2.0
63 silly idealTree │ ├── process-nextick-args@1.0.7
63 silly idealTree │ ├── punycode@1.4.1
63 silly idealTree │ ├── qs@6.4.0
63 silly idealTree │ ├─┬ rc@1.2.1
63 silly idealTree │ │ └── minimist@1.2.0
63 silly idealTree │ ├── readable-stream@2.2.9
63 silly idealTree │ ├── request@2.81.0
63 silly idealTree │ ├── rimraf@2.6.1
63 silly idealTree │ ├── safe-buffer@5.0.1
63 silly idealTree │ ├── semver@5.3.0
63 silly idealTree │ ├── set-blocking@2.0.0
63 silly idealTree │ ├── signal-exit@3.0.2
63 silly idealTree │ ├── sntp@1.0.9
63 silly idealTree │ ├─┬ sshpk@1.13.0
63 silly idealTree │ │ └── assert-plus@1.0.0
63 silly idealTree │ ├── string_decoder@1.0.1
63 silly idealTree │ ├── string-width@1.0.2
63 silly idealTree │ ├── stringstream@0.0.5
63 silly idealTree │ ├── strip-ansi@3.0.1
63 silly idealTree │ ├── strip-json-comments@2.0.1
63 silly idealTree │ ├── tar-pack@3.4.0
63 silly idealTree │ ├── tar@2.2.1
63 silly idealTree │ ├── tough-cookie@2.3.2
63 silly idealTree │ ├── tunnel-agent@0.6.0
63 silly idealTree │ ├── tweetnacl@0.14.5
63 silly idealTree │ ├── uid-number@0.0.6
63 silly idealTree │ ├── util-deprecate@1.0.2
63 silly idealTree │ ├── uuid@3.0.1
63 silly idealTree │ ├── verror@1.3.6
63 silly idealTree │ ├── wide-align@1.1.2
63 silly idealTree │ └── wrappy@1.0.2
63 silly idealTree ├── fstream-ignore@1.0.5
63 silly idealTree ├── fstream@1.0.11
63 silly idealTree ├── function-bind@1.1.1
63 silly idealTree ├── functional-red-black-tree@1.0.1
63 silly idealTree ├─┬ gauge@2.7.4
63 silly idealTree │ ├── is-fullwidth-code-point@1.0.0
63 silly idealTree │ └── string-width@1.0.2
63 silly idealTree ├── generic-pool@3.4.2
63 silly idealTree ├── get-stream@3.0.0
63 silly idealTree ├── get-value@2.0.6
63 silly idealTree ├── getpass@0.1.7
63 silly idealTree ├── glob-base@0.3.0
63 silly idealTree ├── glob-parent@2.0.0
63 silly idealTree ├── glob@7.1.2
63 silly idealTree ├── global-dirs@0.1.1
63 silly idealTree ├── globals@11.3.0
63 silly idealTree ├── globby@5.0.0
63 silly idealTree ├── got@6.7.1
63 silly idealTree ├── graceful-fs@4.1.11
63 silly idealTree ├─┬ graphql-extensions@0.0.8
63 silly idealTree │ ├── source-map-support@0.5.3
63 silly idealTree │ └── source-map@0.6.1
63 silly idealTree ├── graphql-tools@2.21.0
63 silly idealTree ├── graphql@0.13.1
63 silly idealTree ├── har-schema@1.0.5
63 silly idealTree ├─┬ har-validator@4.2.1
63 silly idealTree │ └── ajv@4.11.8
63 silly idealTree ├── has-ansi@2.0.0
63 silly idealTree ├── has-flag@3.0.0
63 silly idealTree ├── has-unicode@2.0.1
63 silly idealTree ├── has-value@1.0.0
63 silly idealTree ├─┬ has-values@1.0.0
63 silly idealTree │ └── kind-of@4.0.0
63 silly idealTree ├── has@1.0.1
63 silly idealTree ├── hawk@3.1.3
63 silly idealTree ├── hoek@2.16.3
63 silly idealTree ├── home-or-tmp@2.0.0
63 silly idealTree ├── hosted-git-info@2.5.0
63 silly idealTree ├─┬ http-errors@1.6.2
63 silly idealTree │ ├── depd@1.1.1
63 silly idealTree │ ├── setprototypeof@1.0.3
63 silly idealTree │ └── statuses@1.4.0
63 silly idealTree ├─┬ http-signature@1.1.1
63 silly idealTree │ └── assert-plus@0.2.0
63 silly idealTree ├── iconv-lite@0.4.19
63 silly idealTree ├── ignore-by-default@1.0.1
63 silly idealTree ├── ignore@3.3.7
63 silly idealTree ├── import-lazy@2.1.0
63 silly idealTree ├── imurmurhash@0.1.4
63 silly idealTree ├── inflection@1.12.0
63 silly idealTree ├── inflight@1.0.6
63 silly idealTree ├── inherits@2.0.3
63 silly idealTree ├── ini@1.3.5
63 silly idealTree ├─┬ inquirer@3.3.0
63 silly idealTree │ ├── ansi-regex@3.0.0
63 silly idealTree │ └── strip-ansi@4.0.0
63 silly idealTree ├── invariant@2.2.3
63 silly idealTree ├── ipaddr.js@1.6.0
63 silly idealTree ├─┬ is-accessor-descriptor@1.0.0
63 silly idealTree │ └── kind-of@6.0.2
63 silly idealTree ├── is-arrayish@0.2.1
63 silly idealTree ├── is-binary-path@1.0.1
63 silly idealTree ├── is-bluebird@1.0.2
63 silly idealTree ├── is-buffer@1.1.6
63 silly idealTree ├── is-builtin-module@1.0.0
63 silly idealTree ├── is-callable@1.1.3
63 silly idealTree ├─┬ is-data-descriptor@1.0.0
63 silly idealTree │ └── kind-of@6.0.2
63 silly idealTree ├── is-date-object@1.0.1
63 silly idealTree ├─┬ is-descriptor@1.0.2
63 silly idealTree │ └── kind-of@6.0.2
63 silly idealTree ├── is-dotfile@1.0.3
63 silly idealTree ├── is-equal-shallow@0.1.3
63 silly idealTree ├── is-extendable@0.1.1
63 silly idealTree ├── is-extglob@1.0.0
63 silly idealTree ├── is-finite@1.0.2
63 silly idealTree ├── is-fullwidth-code-point@2.0.0
63 silly idealTree ├── is-glob@2.0.1
63 silly idealTree ├── is-installed-globally@0.1.0
63 silly idealTree ├── is-npm@1.0.0
63 silly idealTree ├── is-number@3.0.0
63 silly idealTree ├── is-obj@1.0.1
63 silly idealTree ├─┬ is-odd@2.0.0
63 silly idealTree │ └── is-number@4.0.0
63 silly idealTree ├── is-path-cwd@1.0.0
63 silly idealTree ├── is-path-in-cwd@1.0.0
63 silly idealTree ├── is-path-inside@1.0.1
63 silly idealTree ├── is-plain-object@2.0.4
63 silly idealTree ├── is-posix-bracket@0.1.1
63 silly idealTree ├── is-primitive@2.0.0
63 silly idealTree ├── is-promise@2.1.0
63 silly idealTree ├── is-redirect@1.0.0
63 silly idealTree ├── is-regex@1.0.4
63 silly idealTree ├── is-resolvable@1.1.0
63 silly idealTree ├── is-retry-allowed@1.1.0
63 silly idealTree ├── is-stream@1.1.0
63 silly idealTree ├── is-symbol@1.0.1
63 silly idealTree ├── is-typedarray@1.0.0
63 silly idealTree ├── is-windows@1.0.2
63 silly idealTree ├── isarray@1.0.0
63 silly idealTree ├── isexe@2.0.0
63 silly idealTree ├── isobject@3.0.1
63 silly idealTree ├── isomorphic-fetch@2.2.1
63 silly idealTree ├── isstream@0.1.2
63 silly idealTree ├── iterall@1.2.1
63 silly idealTree ├── js-string-escape@1.0.1
63 silly idealTree ├── js-tokens@3.0.2
63 silly idealTree ├── js-yaml@3.10.0
63 silly idealTree ├── jsbn@0.1.1
63 silly idealTree ├── jsesc@1.3.0
63 silly idealTree ├── json-schema-traverse@0.3.1
63 silly idealTree ├── json-schema@0.2.3
63 silly idealTree ├── json-stable-stringify-without-jsonify@1.0.1
63 silly idealTree ├── json-stable-stringify@1.0.1
63 silly idealTree ├── json-stringify-safe@5.0.1
63 silly idealTree ├── json5@0.5.1
63 silly idealTree ├── jsonify@0.0.0
63 silly idealTree ├── jsprim@1.4.1
63 silly idealTree ├── jsx-ast-utils@2.0.1
63 silly idealTree ├── kind-of@3.2.2
63 silly idealTree ├── latest-version@3.1.0
63 silly idealTree ├── lazy-cache@2.0.2
63 silly idealTree ├── levn@0.3.0
63 silly idealTree ├── load-json-file@2.0.0
63 silly idealTree ├─┬ locate-path@2.0.0
63 silly idealTree │ └── path-exists@3.0.0
63 silly idealTree ├── lodash.endswith@4.2.1
63 silly idealTree ├── lodash.isfunction@3.0.9
63 silly idealTree ├── lodash.isstring@4.0.1
63 silly idealTree ├── lodash.startswith@4.2.1
63 silly idealTree ├── lodash@4.17.5
63 silly idealTree ├── loose-envify@1.3.1
63 silly idealTree ├── lowercase-keys@1.0.0
63 silly idealTree ├── lru-cache@4.1.1
63 silly idealTree ├─┬ make-dir@1.2.0
63 silly idealTree │ └── pify@3.0.0
63 silly idealTree ├── map-cache@0.2.2
63 silly idealTree ├── map-stream@0.1.0
63 silly idealTree ├── map-visit@1.0.0
63 silly idealTree ├── media-typer@0.3.0
63 silly idealTree ├── merge-descriptors@1.0.1
63 silly idealTree ├── methods@1.1.2
63 silly idealTree ├─┬ micromatch@2.3.11
63 silly idealTree │ ├── arr-diff@2.0.0
63 silly idealTree │ ├── array-unique@0.2.1
63 silly idealTree │ └── braces@1.8.5
63 silly idealTree ├── mime-db@1.33.0
63 silly idealTree ├── mime-types@2.1.18
63 silly idealTree ├── mime@1.4.1
63 silly idealTree ├── mimic-fn@1.2.0
63 silly idealTree ├── minimatch@3.0.4
63 silly idealTree ├── minimist@0.0.8
63 silly idealTree ├─┬ mixin-deep@1.3.1
63 silly idealTree │ └── is-extendable@1.0.1
63 silly idealTree ├── mkdirp@0.5.1
63 silly idealTree ├── moment-timezone@0.5.14
63 silly idealTree ├── moment@2.20.1
63 silly idealTree ├── ms@2.0.0
63 silly idealTree ├── mute-stream@0.0.7
63 silly idealTree ├── nan@2.8.0
63 silly idealTree ├─┬ nanomatch@1.2.9
63 silly idealTree │ ├── define-property@2.0.2
63 silly idealTree │ ├── extend-shallow@3.0.2
63 silly idealTree │ ├── is-extendable@1.0.1
63 silly idealTree │ └── kind-of@6.0.2
63 silly idealTree ├── natural-compare@1.4.0
63 silly idealTree ├── negotiator@0.6.1
63 silly idealTree ├── node-fetch@1.7.3
63 silly idealTree ├─┬ node-pre-gyp@0.6.39
63 silly idealTree │ └── nopt@4.0.1
63 silly idealTree ├─┬ nodemon@1.15.1
63 silly idealTree │ ├── anymatch@2.0.0
63 silly idealTree │ ├── chokidar@2.0.2
63 silly idealTree │ ├── debug@3.1.0
63 silly idealTree │ ├── define-property@2.0.2
63 silly idealTree │ ├─┬ expand-brackets@2.1.4
63 silly idealTree │ │ ├── debug@2.6.9
63 silly idealTree │ │ ├── define-property@0.2.5
63 silly idealTree │ │ ├── extend-shallow@2.0.1
63 silly idealTree │ │ ├── is-descriptor@0.1.6
63 silly idealTree │ │ ├── is-extendable@0.1.1
63 silly idealTree │ │ └── kind-of@5.1.0
63 silly idealTree │ ├── extend-shallow@3.0.2
63 silly idealTree │ ├─┬ extglob@2.0.4
63 silly idealTree │ │ ├── define-property@1.0.0
63 silly idealTree │ │ ├── extend-shallow@2.0.1
63 silly idealTree │ │ └── is-extendable@0.1.1
63 silly idealTree │ ├─┬ glob-parent@3.1.0
63 silly idealTree │ │ └── is-glob@3.1.0
63 silly idealTree │ ├─┬ is-accessor-descriptor@0.1.6
63 silly idealTree │ │ └── kind-of@3.2.2
63 silly idealTree │ ├─┬ is-data-descriptor@0.1.4
63 silly idealTree │ │ └── kind-of@3.2.2
63 silly idealTree │ ├── is-extendable@1.0.1
63 silly idealTree │ ├── is-extglob@2.1.1
63 silly idealTree │ ├── is-glob@4.0.0
63 silly idealTree │ ├── kind-of@6.0.2
63 silly idealTree │ └── micromatch@3.1.8
63 silly idealTree ├── nopt@1.0.10
63 silly idealTree ├── normalize-package-data@2.4.0
63 silly idealTree ├── normalize-path@2.1.1
63 silly idealTree ├── npm-run-path@2.0.2
63 silly idealTree ├── npmlog@4.1.2
63 silly idealTree ├── number-is-nan@1.0.1
63 silly idealTree ├── oauth-sign@0.8.2
63 silly idealTree ├── object-assign@4.1.1
63 silly idealTree ├── object-copy@0.1.0
63 silly idealTree ├── object-keys@1.0.11
63 silly idealTree ├── object-visit@1.0.1
63 silly idealTree ├── object.omit@2.0.1
63 silly idealTree ├── object.pick@1.3.0
63 silly idealTree ├── on-finished@2.3.0
63 silly idealTree ├── once@1.4.0
63 silly idealTree ├── onetime@2.0.1
63 silly idealTree ├── optionator@0.8.2
63 silly idealTree ├── os-homedir@1.0.2
63 silly idealTree ├── os-tmpdir@1.0.2
63 silly idealTree ├── osenv@0.1.5
63 silly idealTree ├── output-file-sync@1.1.2
63 silly idealTree ├── p-finally@1.0.0
63 silly idealTree ├── p-limit@1.2.0
63 silly idealTree ├── p-locate@2.0.0
63 silly idealTree ├── p-try@1.0.0
63 silly idealTree ├── package-json@4.0.1
63 silly idealTree ├── packet-reader@0.3.1
63 silly idealTree ├── parse-glob@3.0.4
63 silly idealTree ├── parse-json@2.2.0
63 silly idealTree ├── parseurl@1.3.2
63 silly idealTree ├── pascalcase@0.1.1
63 silly idealTree ├── path-dirname@1.0.2
63 silly idealTree ├── path-exists@2.1.0
63 silly idealTree ├── path-is-absolute@1.0.1
63 silly idealTree ├── path-is-inside@1.0.2
63 silly idealTree ├── path-key@2.0.1
63 silly idealTree ├── path-parse@1.0.5
63 silly idealTree ├── path-to-regexp@0.1.7
63 silly idealTree ├── path-type@2.0.0
63 silly idealTree ├── pause-stream@0.0.11
63 silly idealTree ├── performance-now@0.2.0
63 silly idealTree ├── pg-connection-string@0.1.3
63 silly idealTree ├── pg-pool@2.0.3
63 silly idealTree ├── pg-types@1.12.1
63 silly idealTree ├─┬ pg@7.4.1
63 silly idealTree │ └── semver@4.3.2
63 silly idealTree ├── pgpass@1.0.2
63 silly idealTree ├── pify@2.3.0
63 silly idealTree ├── pinkie-promise@2.0.1
63 silly idealTree ├── pinkie@2.0.4
63 silly idealTree ├─┬ pkg-dir@1.0.0
63 silly idealTree │ └── find-up@1.1.2
63 silly idealTree ├── pluralize@7.0.0
63 silly idealTree ├── posix-character-classes@0.1.1
63 silly idealTree ├── postgres-array@1.0.2
63 silly idealTree ├── postgres-bytea@1.0.0
63 silly idealTree ├── postgres-date@1.0.3
63 silly idealTree ├── postgres-interval@1.1.1
63 silly idealTree ├── postgres@0.0.1
63 silly idealTree ├── prelude-ls@1.1.2
63 silly idealTree ├── prepend-http@1.0.4
63 silly idealTree ├── preserve@0.2.0
63 silly idealTree ├── private@0.1.8
63 silly idealTree ├── process-nextick-args@2.0.0
63 silly idealTree ├── progress@2.0.0
63 silly idealTree ├── promise@7.3.1
63 silly idealTree ├── prop-types@15.6.0
63 silly idealTree ├── proxy-addr@2.0.3
63 silly idealTree ├── ps-tree@1.1.0
63 silly idealTree ├── pseudomap@1.0.2
63 silly idealTree ├── pstree.remy@1.1.0
63 silly idealTree ├── punycode@1.4.1
63 silly idealTree ├── qs@6.5.1
63 silly idealTree ├─┬ randomatic@1.1.7
63 silly idealTree │ └── kind-of@4.0.0
63 silly idealTree ├── range-parser@1.2.0
63 silly idealTree ├── raw-body@2.3.2
63 silly idealTree ├─┬ rc@1.2.5
63 silly idealTree │ └── minimist@1.2.0
63 silly idealTree ├── read-pkg-up@2.0.0
63 silly idealTree ├── read-pkg@2.0.0
63 silly idealTree ├── readable-stream@2.3.4
63 silly idealTree ├── readdirp@2.1.0
63 silly idealTree ├── regenerate@1.3.3
63 silly idealTree ├── regenerator-runtime@0.10.5
63 silly idealTree ├── regenerator-transform@0.10.1
63 silly idealTree ├── regex-cache@0.4.4
63 silly idealTree ├─┬ regex-not@1.0.2
63 silly idealTree │ ├── extend-shallow@3.0.2
63 silly idealTree │ └── is-extendable@1.0.1
63 silly idealTree ├── regexpu-core@2.0.0
63 silly idealTree ├── registry-auth-token@3.3.2
63 silly idealTree ├── registry-url@3.1.0
63 silly idealTree ├── regjsgen@0.2.0
63 silly idealTree ├─┬ regjsparser@0.1.5
63 silly idealTree │ └── jsesc@0.5.0
63 silly idealTree ├── remove-trailing-separator@1.1.0
63 silly idealTree ├── repeat-element@1.1.2
63 silly idealTree ├── repeat-string@1.6.1
63 silly idealTree ├── repeating@2.0.1
63 silly idealTree ├─┬ request@2.81.0
63 silly idealTree │ └── qs@6.4.0
63 silly idealTree ├── require-uncached@1.0.3
63 silly idealTree ├── resolve-from@1.0.1
63 silly idealTree ├── resolve-url@0.2.1
63 silly idealTree ├── resolve@1.5.0
63 silly idealTree ├── restore-cursor@2.0.0
63 silly idealTree ├── ret@0.1.15
63 silly idealTree ├── retry-as-promised@2.3.2
63 silly idealTree ├── rimraf@2.6.2
63 silly idealTree ├── run-async@2.3.0
63 silly idealTree ├── rx-lite-aggregates@4.0.8
63 silly idealTree ├── rx-lite@4.0.8
63 silly idealTree ├── safe-buffer@5.1.1
63 silly idealTree ├── safe-regex@1.1.0
63 silly idealTree ├── semver-diff@2.1.0
63 silly idealTree ├── semver@5.5.0
63 silly idealTree ├── send@0.16.1
63 silly idealTree ├─┬ sequelize@4.33.4
63 silly idealTree │ └── debug@3.1.0
63 silly idealTree ├── serve-static@1.13.1
63 silly idealTree ├── set-blocking@2.0.0
63 silly idealTree ├── set-getter@0.1.0
63 silly idealTree ├── set-immediate-shim@1.0.1
63 silly idealTree ├── set-value@2.0.0
63 silly idealTree ├── setimmediate@1.0.5
63 silly idealTree ├── setprototypeof@1.1.0
63 silly idealTree ├── shebang-command@1.2.0
63 silly idealTree ├── shebang-regex@1.0.0
63 silly idealTree ├── shimmer@1.2.0
63 silly idealTree ├── signal-exit@3.0.2
63 silly idealTree ├── slash@1.0.0
63 silly idealTree ├── slice-ansi@1.0.0
63 silly idealTree ├─┬ snapdragon-node@2.1.1
63 silly idealTree │ └── define-property@1.0.0
63 silly idealTree ├── snapdragon-util@3.0.1
63 silly idealTree ├── snapdragon@0.8.1
63 silly idealTree ├── sntp@1.0.9
63 silly idealTree ├── source-map-resolve@0.5.1
63 silly idealTree ├── source-map-support@0.4.18
63 silly idealTree ├── source-map-url@0.4.0
63 silly idealTree ├── source-map@0.5.7
63 silly idealTree ├── spdx-correct@1.0.2
63 silly idealTree ├── spdx-expression-parse@1.0.4
63 silly idealTree ├── spdx-license-ids@1.2.2
63 silly idealTree ├─┬ split-string@3.1.0
63 silly idealTree │ ├── extend-shallow@3.0.2
63 silly idealTree │ └── is-extendable@1.0.1
63 silly idealTree ├── split@1.0.1
63 silly idealTree ├── sprintf-js@1.0.3
63 silly idealTree ├── sshpk@1.13.1
63 silly idealTree ├── static-extend@0.1.2
63 silly idealTree ├── statuses@1.3.1
63 silly idealTree ├── stream-combiner@0.0.4
63 silly idealTree ├── string_decoder@1.0.3
63 silly idealTree ├─┬ string-width@2.1.1
63 silly idealTree │ ├── ansi-regex@3.0.0
63 silly idealTree │ └── strip-ansi@4.0.0
63 silly idealTree ├── stringstream@0.0.5
63 silly idealTree ├── strip-ansi@3.0.1
63 silly idealTree ├── strip-bom@3.0.0
63 silly idealTree ├── strip-eof@1.0.0
63 silly idealTree ├── strip-json-comments@2.0.1
63 silly idealTree ├── supports-color@5.2.0
63 silly idealTree ├── table@4.0.2
63 silly idealTree ├── tar-pack@3.4.1
63 silly idealTree ├── tar@2.2.1
63 silly idealTree ├── term-size@1.2.0
63 silly idealTree ├── terraformer-wkt-parser@1.1.2
63 silly idealTree ├── terraformer@1.0.8
63 silly idealTree ├── text-table@0.2.0
63 silly idealTree ├── through@2.3.8
63 silly idealTree ├── timed-out@4.0.1
63 silly idealTree ├── tmp@0.0.33
63 silly idealTree ├── to-fast-properties@1.0.3
63 silly idealTree ├── to-object-path@0.3.0
63 silly idealTree ├── to-regex-range@2.1.1
63 silly idealTree ├── to-regex@3.0.1
63 silly idealTree ├── toposort-class@1.0.1
63 silly idealTree ├── touch@3.1.0
63 silly idealTree ├── tough-cookie@2.3.3
63 silly idealTree ├── trim-right@1.0.1
63 silly idealTree ├── tunnel-agent@0.6.0
63 silly idealTree ├── tweetnacl@0.14.5
63 silly idealTree ├── type-check@0.3.2
63 silly idealTree ├── type-is@1.6.16
63 silly idealTree ├── typedarray@0.0.6
63 silly idealTree ├── ua-parser-js@0.7.17
63 silly idealTree ├── uid-number@0.0.6
63 silly idealTree ├── undefsafe@2.0.2
63 silly idealTree ├─┬ union-value@1.0.0
63 silly idealTree │ └── set-value@0.4.3
63 silly idealTree ├── unique-string@1.0.0
63 silly idealTree ├── unpipe@1.0.0
63 silly idealTree ├─┬ unset-value@1.0.0
63 silly idealTree │ ├─┬ has-value@0.3.1
63 silly idealTree │ │ └── isobject@2.1.0
63 silly idealTree │ └── has-values@0.1.4
63 silly idealTree ├── unzip-response@2.0.1
63 silly idealTree ├── upath@1.0.2
63 silly idealTree ├── update-notifier@2.3.0
63 silly idealTree ├── urix@0.1.0
63 silly idealTree ├── url-parse-lax@1.0.0
63 silly idealTree ├── use@2.0.2
63 silly idealTree ├── user-home@1.1.1
63 silly idealTree ├── util-deprecate@1.0.2
63 silly idealTree ├── utils-merge@1.0.1
63 silly idealTree ├── uuid@3.2.1
63 silly idealTree ├── v8flags@2.1.1
63 silly idealTree ├── validate-npm-package-license@3.0.1
63 silly idealTree ├── validator@9.4.1
63 silly idealTree ├── vary@1.1.2
63 silly idealTree ├─┬ verror@1.10.0
63 silly idealTree │ └── extsprintf@1.4.0
63 silly idealTree ├── whatwg-fetch@2.0.3
63 silly idealTree ├── which@1.3.0
63 silly idealTree ├─┬ wide-align@1.1.2
63 silly idealTree │ ├── is-fullwidth-code-point@1.0.0
63 silly idealTree │ └── string-width@1.0.2
63 silly idealTree ├── widest-line@2.0.0
63 silly idealTree ├── wkx@0.4.2
63 silly idealTree ├── wordwrap@1.0.0
63 silly idealTree ├── wrappy@1.0.2
63 silly idealTree ├── write-file-atomic@2.3.0
63 silly idealTree ├── write@0.2.1
63 silly idealTree ├── xdg-basedir@3.0.0
63 silly idealTree ├── xtend@4.0.1
63 silly idealTree ├── yallist@2.1.2
63 silly idealTree └── zen-observable@0.8.6
64 silly generateActionsToTake Starting
65 silly install generateActionsToTake
66 silly generateActionsToTake Finishing
67 silly diffTrees action count 1
68 silly diffTrees add postgres@0.0.1
69 silly decomposeActions action count 8
70 silly decomposeActions fetch postgres@0.0.1
71 silly decomposeActions extract postgres@0.0.1
72 silly decomposeActions test postgres@0.0.1
73 silly decomposeActions preinstall postgres@0.0.1
74 silly decomposeActions build postgres@0.0.1
75 silly decomposeActions install postgres@0.0.1
76 silly decomposeActions postinstall postgres@0.0.1
77 silly decomposeActions finalize postgres@0.0.1
78 silly runTopLevelLifecycles Starting
79 silly executeActions Starting
80 silly install executeActions
81 silly doSerial global-install 0
82 silly doParallel fetch 1
83 verbose correctMkdir /Users/montygoldy/.npm/_locks correctMkdir not in flight; initializing
84 verbose lock using /Users/montygoldy/.npm/_locks/staging-c5b68f1986d3701a.lock for /Users/montygoldy/projects/slack-clone/node_modules/.staging
85 silly doParallel extract 1
86 silly extract postgres@0.0.1
87 verbose unbuild node_modules/.staging/postgres-98e39f14
88 silly gentlyRm /Users/montygoldy/projects/slack-clone/node_modules/.staging/postgres-98e39f14 is being purged from base /Users/montygoldy/projects/slack-clone
89 verbose gentlyRm don't care about contents; nuking /Users/montygoldy/projects/slack-clone/node_modules/.staging/postgres-98e39f14
90 verbose tar unpack /Users/montygoldy/.npm/postgres/0.0.1/package.tgz
91 verbose tar unpacking to /Users/montygoldy/projects/slack-clone/node_modules/.staging/postgres-98e39f14
92 silly gentlyRm /Users/montygoldy/projects/slack-clone/node_modules/.staging/postgres-98e39f14 is being purged
93 verbose gentlyRm don't care about contents; nuking /Users/montygoldy/projects/slack-clone/node_modules/.staging/postgres-98e39f14
94 silly gunzTarPerm modes [ '755', '644' ]
95 silly gunzTarPerm extractEntry
96 silly gunzTarPerm extractEntry .gitignore
97 silly gunzTarPerm extractEntry ._.npmignore
98 silly gunzTarPerm extractEntry .npmignore
99 silly gunzTarPerm extractEntry binding.cc
100 silly gunzTarPerm extractEntry LICENSE-MIT
101 silly gunzTarPerm extractEntry ._package.json
102 silly gunzTarPerm extractEntry package.json
103 silly gunzTarPerm extractEntry postgres.js
104 silly gunzTarPerm extractEntry README
105 silly gunzTarPerm extractEntry test.js
106 silly gunzTarPerm extractEntry type-oids.h
107 silly gunzTarPerm extractEntry wscript
108 silly gentlyRm /Users/montygoldy/projects/slack-clone/node_modules/.staging/postgres-98e39f14/node_modules is being purged
109 verbose gentlyRm don't care about contents; nuking /Users/montygoldy/projects/slack-clone/node_modules/.staging/postgres-98e39f14/node_modules
110 silly doParallel preinstall 1
111 silly preinstall postgres@0.0.1 /Users/montygoldy/projects/slack-clone/node_modules/.staging/postgres-98e39f14
112 info lifecycle postgres@0.0.1~preinstall: postgres@0.0.1
113 silly lifecycle postgres@0.0.1~preinstall: no script for preinstall, continuing
114 silly doReverseSerial remove 0
115 silly doSerial move 0
116 silly doSerial finalize 1
117 silly finalize /Users/montygoldy/projects/slack-clone/node_modules/postgres
118 silly doSerial build 1
119 silly build postgres@0.0.1
120 info linkStuff postgres@0.0.1
121 silly linkStuff postgres@0.0.1 has /Users/montygoldy/projects/slack-clone/node_modules as its parent node_modules
122 verbose linkBins postgres@0.0.1
123 verbose linkMans postgres@0.0.1
124 silly doSerial global-link 0
125 silly doParallel update-linked 0
126 silly doSerial install 1
127 silly install postgres@0.0.1 /Users/montygoldy/projects/slack-clone/node_modules/.staging/postgres-98e39f14
128 info lifecycle postgres@0.0.1~install: postgres@0.0.1
129 verbose lifecycle postgres@0.0.1~install: unsafe-perm in lifecycle true
130 verbose lifecycle postgres@0.0.1~install: PATH: /Users/montygoldy/.nvm/versions/node/v6.12.2/lib/node_modules/npm/bin/node-gyp-bin:/Users/montygoldy/projects/slack-clone/node_modules/postgres/node_modules/.bin:/Users/montygoldy/projects/slack-clone/node_modules/.bin:/Users/montygoldy/.rvm/gems/ruby-2.3.4/bin:/Users/montygoldy/.rvm/gems/ruby-2.3.4@global/bin:/Users/montygoldy/.rvm/rubies/ruby-2.3.4/bin:/Users/montygoldy/.nvm/versions/node/v6.12.2/bin:/usr/local/bin:/usr/bin:/bin:/usr/sbin:/sbin:/Users/montygoldy/.rvm/bin
131 verbose lifecycle postgres@0.0.1~install: CWD: /Users/montygoldy/projects/slack-clone/node_modules/postgres
132 silly lifecycle postgres@0.0.1~install: Args: [ '-c', 'node-waf configure build' ]
133 info lifecycle postgres@0.0.1~install: Failed to exec install script
134 verbose unlock done using /Users/montygoldy/.npm/_locks/staging-c5b68f1986d3701a.lock for /Users/montygoldy/projects/slack-clone/node_modules/.staging
135 silly rollbackFailedOptional Starting
136 silly rollbackFailedOptional Finishing
137 silly runTopLevelLifecycles Finishing
138 silly install printInstalled
139 warn apollo-cache-control@0.0.9 requires a peer of graphql@^0.10.0 || ^0.11.0 || ^0.12.0 but none was installed.
140 verbose If you need help, you may report this error at:
140 verbose     <https://github.com/npm/npm/issues>
141 warn apollo-server-core@1.3.2 requires a peer of graphql@^0.9.0 || ^0.10.0 || ^0.11.0 || ^0.12.0 but none was installed.
142 verbose If you need help, you may report this error at:
142 verbose     <https://github.com/npm/npm/issues>
143 warn apollo-tracing@0.1.3 requires a peer of graphql@^0.10.0 || ^0.11.0 || ^0.12.0 but none was installed.
144 verbose If you need help, you may report this error at:
144 verbose     <https://github.com/npm/npm/issues>
145 warn graphql-extensions@0.0.8 requires a peer of graphql@^0.10.0 || ^0.11.0 || ^0.12.0 but none was installed.
146 verbose If you need help, you may report this error at:
146 verbose     <https://github.com/npm/npm/issues>
147 warn slack-clone@1.0.0 No description
148 verbose If you need help, you may report this error at:
148 verbose     <https://github.com/npm/npm/issues>
149 warn slack-clone@1.0.0 No repository field.
150 verbose If you need help, you may report this error at:
150 verbose     <https://github.com/npm/npm/issues>
151 verbose stack Error: postgres@0.0.1 install: `node-waf configure build`
151 verbose stack spawn ENOENT
151 verbose stack     at ChildProcess.<anonymous> (/Users/montygoldy/.nvm/versions/node/v6.12.2/lib/node_modules/npm/lib/utils/spawn.js:33:16)
151 verbose stack     at emitTwo (events.js:106:13)
151 verbose stack     at ChildProcess.emit (events.js:191:7)
151 verbose stack     at maybeClose (internal/child_process.js:920:16)
151 verbose stack     at Process.ChildProcess._handle.onexit (internal/child_process.js:230:5)
152 verbose pkgid postgres@0.0.1
153 verbose cwd /Users/montygoldy/projects/slack-clone
154 error Darwin 17.3.0
155 error argv "/Users/montygoldy/.nvm/versions/node/v6.12.2/bin/node" "/Users/montygoldy/.nvm/versions/node/v6.12.2/bin/npm" "install" "--save" "postgres"
156 error node v6.12.2
157 error npm  v3.10.10
158 error file sh
159 error code ELIFECYCLE
160 error errno ENOENT
161 error syscall spawn
162 error postgres@0.0.1 install: `node-waf configure build`
162 error spawn ENOENT
163 error Failed at the postgres@0.0.1 install script 'node-waf configure build'.
163 error Make sure you have the latest version of node.js and npm installed.
163 error If you do, this is most likely a problem with the postgres package,
163 error not with npm itself.
163 error Tell the author that this fails on your system:
163 error     node-waf configure build
163 error You can get information on how to open an issue for this project with:
163 error     npm bugs postgres
163 error Or if that isn't available, you can get their info via:
163 error     npm owner ls postgres
163 error There is likely additional logging output above.
164 verbose exit [ 1, true ]
